-- The C compiler identification is GNU 11.4.0
-- The CXX compiler identification is GNU 11.4.0
-- Detecting C compiler ABI info
-- Detecting C compiler ABI info - done
-- Check for working C compiler: /usr/bin/cc - skipped
-- Detecting C compile features
-- Detecting C compile features - done
-- Detecting CXX compiler ABI info
-- Detecting CXX compiler ABI info - done
-- Check for working CXX compiler: /usr/bin/c++ - skipped
-- Detecting CXX compile features
-- Detecting CXX compile features - done
-- Found ament_cmake: 1.3.12 (/opt/ros/humble/share/ament_cmake/cmake)
-- Found Python3: /usr/bin/python3 (found version "3.10.12") found components: Interpreter 
-- Found rclcpp: 16.0.17 (/opt/ros/humble/share/rclcpp/cmake)
-- Found rosidl_generator_c: 3.1.8 (/opt/ros/humble/share/rosidl_generator_c/cmake)
-- Found rosidl_adapter: 3.1.8 (/opt/ros/humble/share/rosidl_adapter/cmake)
-- Found rosidl_generator_cpp: 3.1.8 (/opt/ros/humble/share/rosidl_generator_cpp/cmake)
-- Using all available rosidl_typesupport_c: rosidl_typesupport_fastrtps_c;rosidl_typesupport_introspection_c
-- Using all available rosidl_typesupport_cpp: rosidl_typesupport_fastrtps_cpp;rosidl_typesupport_introspection_cpp
-- Found rmw_implementation_cmake: 6.1.2 (/opt/ros/humble/share/rmw_implementation_cmake/cmake)
-- Found rmw_fastrtps_cpp: 6.2.9 (/opt/ros/humble/share/rmw_fastrtps_cpp/cmake)
-- Found OpenSSL: /usr/lib/x86_64-linux-gnu/libcrypto.so (found version "3.0.2")  
-- Found FastRTPS: /opt/ros/humble/include  
-- Using RMW implementation 'rmw_fastrtps_cpp' as default
-- Looking for pthread.h
-- Looking for pthread.h - found
-- Performing Test CMAKE_HAVE_LIBC_PTHREAD
-- Performing Test CMAKE_HAVE_LIBC_PTHREAD - Success
-- Found Threads: TRUE  
-- Found sensor_msgs: 4.9.0 (/opt/ros/humble/share/sensor_msgs/cmake)
-- Found cv_bridge: 3.2.1 (/opt/ros/humble/share/cv_bridge/cmake)
-- Found image_transport: 3.1.12 (/opt/ros/humble/share/image_transport/cmake)
-- Found OpenCV: /usr (found suitable version "4.5.4", minimum required is "4.0") 
-- Found OpenGL: /usr/lib/x86_64-linux-gnu/libOpenGL.so  found components: OpenGL 
-- BUILD TYPE:Release
-- Compiling on Unix
-- Found OpenMP_C: -fopenmp (found version "4.5") 
-- Found OpenMP_CXX: -fopenmp (found version "4.5") 
-- Found OpenMP: TRUE (found version "4.5")  
-- Found Eigen3: /usr/include/eigen3 (Required is at least version "3.1.0") 
-- Configuring done
-- Generating done
-- Build files have been written to: /home/zsj/WorkSpace/ORB2_SLAM/ORB_SLAM2_ROS2/build/orb_slam2_stereo
[  3%] [32mBuilding CXX object Thirdparty/g2o/CMakeFiles/g2o.dir/g2o/types/types_six_dof_expmap.cpp.o[0m
[  3%] [32mBuilding CXX object Thirdparty/g2o/CMakeFiles/g2o.dir/g2o/types/types_seven_dof_expmap.cpp.o[0m
[  5%] [32mBuilding CXX object Thirdparty/g2o/CMakeFiles/g2o.dir/g2o/core/hyper_graph_action.cpp.o[0m
[  6%] [32mBuilding CXX object Thirdparty/DBoW2/CMakeFiles/DBoW2.dir/DBoW2/FORB.cpp.o[0m
[  8%] [32mBuilding CXX object Thirdparty/DBoW2/CMakeFiles/DBoW2.dir/DBoW2/ScoringObject.cpp.o[0m
[ 11%] [32mBuilding CXX object Thirdparty/g2o/CMakeFiles/g2o.dir/g2o/core/optimizable_graph.cpp.o[0m
[ 11%] [32mBuilding CXX object Thirdparty/g2o/CMakeFiles/g2o.dir/g2o/core/hyper_graph.cpp.o[0m
[ 13%] [32mBuilding CXX object Thirdparty/g2o/CMakeFiles/g2o.dir/g2o/types/types_sba.cpp.o[0m
[ 15%] [32mBuilding CXX object Thirdparty/DBoW2/CMakeFiles/DBoW2.dir/DUtils/Random.cpp.o[0m
[ 16%] [32mBuilding CXX object Thirdparty/g2o/CMakeFiles/g2o.dir/g2o/core/matrix_structure.cpp.o[0m
[ 18%] [32mBuilding CXX object Thirdparty/DBoW2/CMakeFiles/DBoW2.dir/DBoW2/FeatureVector.cpp.o[0m
[ 22%] [32mBuilding CXX object Thirdparty/DBoW2/CMakeFiles/DBoW2.dir/DBoW2/BowVector.cpp.o[0m
[ 22%] [32mBuilding CXX object Thirdparty/g2o/CMakeFiles/g2o.dir/g2o/core/cache.cpp.o[0m
[ 23%] [32mBuilding CXX object Thirdparty/g2o/CMakeFiles/g2o.dir/g2o/core/marginal_covariance_cholesky.cpp.o[0m
[ 25%] [32mBuilding CXX object Thirdparty/g2o/CMakeFiles/g2o.dir/g2o/core/solver.cpp.o[0m
[ 27%] [32mBuilding CXX object Thirdparty/g2o/CMakeFiles/g2o.dir/g2o/core/parameter.cpp.o[0m
[ 28%] [32mBuilding CXX object Thirdparty/DBoW2/CMakeFiles/DBoW2.dir/DUtils/Timestamp.cpp.o[0m
[ 30%] [32mBuilding CXX object Thirdparty/g2o/CMakeFiles/g2o.dir/g2o/core/batch_stats.cpp.o[0m
[ 32%] [32mBuilding CXX object Thirdparty/g2o/CMakeFiles/g2o.dir/g2o/core/optimization_algorithm_factory.cpp.o[0m
[ 33%] [32mBuilding CXX object Thirdparty/g2o/CMakeFiles/g2o.dir/g2o/core/estimate_propagator.cpp.o[0m
[ 35%] [32mBuilding CXX object Thirdparty/g2o/CMakeFiles/g2o.dir/g2o/core/factory.cpp.o[0m
[ 37%] [32mBuilding CXX object Thirdparty/g2o/CMakeFiles/g2o.dir/g2o/core/sparse_optimizer.cpp.o[0m
[ 38%] [32mBuilding CXX object Thirdparty/g2o/CMakeFiles/g2o.dir/g2o/core/hyper_dijkstra.cpp.o[0m
[ 40%] [32mBuilding CXX object Thirdparty/g2o/CMakeFiles/g2o.dir/g2o/core/parameter_container.cpp.o[0m
[ 42%] [32mBuilding CXX object Thirdparty/g2o/CMakeFiles/g2o.dir/g2o/core/optimization_algorithm.cpp.o[0m
[ 44%] [32mBuilding CXX object Thirdparty/g2o/CMakeFiles/g2o.dir/g2o/core/optimization_algorithm_with_hessian.cpp.o[0m
[ 45%] [32mBuilding CXX object Thirdparty/g2o/CMakeFiles/g2o.dir/g2o/core/optimization_algorithm_levenberg.cpp.o[0m
[ 47%] [32mBuilding CXX object Thirdparty/g2o/CMakeFiles/g2o.dir/g2o/core/jacobian_workspace.cpp.o[0m
[ 49%] [32mBuilding CXX object Thirdparty/g2o/CMakeFiles/g2o.dir/g2o/core/robust_kernel.cpp.o[0m
[ 50%] [32m[1mLinking CXX shared library /home/zsj/WorkSpace/ORB2_SLAM/ORB_SLAM2_ROS2/src/orb_slam_stero/Thirdparty/DBoW2/lib/libDBoW2.so[0m
[ 52%] [32mBuilding CXX object Thirdparty/g2o/CMakeFiles/g2o.dir/g2o/core/robust_kernel_factory.cpp.o[0m
[ 54%] [32mBuilding CXX object Thirdparty/g2o/CMakeFiles/g2o.dir/g2o/core/robust_kernel_impl.cpp.o[0m
[ 55%] [32mBuilding CXX object Thirdparty/g2o/CMakeFiles/g2o.dir/g2o/stuff/timeutil.cpp.o[0m
[ 55%] Built target DBoW2
[ 57%] [32mBuilding C object Thirdparty/g2o/CMakeFiles/g2o.dir/g2o/stuff/os_specific.c.o[0m
[ 59%] [32mBuilding CXX object Thirdparty/g2o/CMakeFiles/g2o.dir/g2o/stuff/string_tools.cpp.o[0m
[ 61%] [32mBuilding CXX object Thirdparty/g2o/CMakeFiles/g2o.dir/g2o/stuff/property.cpp.o[0m
[ 62%] [32m[1mLinking CXX shared library /home/zsj/WorkSpace/ORB2_SLAM/ORB_SLAM2_ROS2/src/orb_slam_stero/Thirdparty/g2o/lib/libg2o.so[0m
[ 62%] Built target g2o
[ 66%] [32mBuilding CXX object CMakeFiles/orb_slam2_core.dir/src/ORB_SLAM2/Frame.cc.o[0m
[ 71%] [32mBuilding CXX object CMakeFiles/orb_slam2_core.dir/src/ORB_SLAM2/FrameDrawer.cc.o[0m
[ 71%] [32mBuilding CXX object CMakeFiles/orb_slam2_core.dir/src/ORB_SLAM2/KeyFrame.cc.o[0m
[ 67%] [32mBuilding CXX object CMakeFiles/orb_slam2_core.dir/src/ORB_SLAM2/LoopClosing.cc.o[0m
[ 71%] [32mBuilding CXX object CMakeFiles/orb_slam2_core.dir/src/ORB_SLAM2/Converter.cc.o[0m
[ 72%] [32mBuilding CXX object CMakeFiles/orb_slam2_core.dir/src/ORB_SLAM2/KeyFrameDatabase.cc.o[0m
[ 74%] [32mBuilding CXX object CMakeFiles/orb_slam2_core.dir/src/ORB_SLAM2/Initializer.cc.o[0m
[ 76%] [32mBuilding CXX object CMakeFiles/orb_slam2_core.dir/src/ORB_SLAM2/MapDrawer.cc.o[0m
[ 77%] [32mBuilding CXX object CMakeFiles/orb_slam2_core.dir/src/ORB_SLAM2/MapPoint.cc.o[0m
[ 79%] [32mBuilding CXX object CMakeFiles/orb_slam2_core.dir/src/ORB_SLAM2/ORBmatcher.cc.o[0m
[ 83%] [32mBuilding CXX object CMakeFiles/orb_slam2_core.dir/src/ORB_SLAM2/LocalMapping.cc.o[0m
[ 83%] [32mBuilding CXX object CMakeFiles/orb_slam2_core.dir/src/ORB_SLAM2/Map.cc.o[0m
[ 86%] [32mBuilding CXX object CMakeFiles/orb_slam2_core.dir/src/ORB_SLAM2/PnPsolver.cc.o[0m
[ 86%] [32mBuilding CXX object CMakeFiles/orb_slam2_core.dir/src/ORB_SLAM2/ORBextractor.cc.o[0m
[ 88%] [32mBuilding CXX object CMakeFiles/orb_slam2_core.dir/src/ORB_SLAM2/Optimizer.cc.o[0m
[ 89%] [32mBuilding CXX object CMakeFiles/orb_slam2_core.dir/src/ORB_SLAM2/Sim3Solver.cc.o[0m
