[0.038s] Invoking command in '/home/zsj/WorkSpace/ORB2_SLAM/ORB_SLAM2_ROS2/build/orb_slam2_ros2': CMAKE_PREFIX_PATH=${CMAKE_PREFIX_PATH}:/opt/ros/humble CONDA_PROMPT_MODIFIER=(base) /usr/bin/cmake /home/zsj/WorkSpace/ORB2_SLAM/ORB_SLAM2_ROS2/src/orb_slam2_ros2 -DCMAKE_INSTALL_PREFIX=/home/zsj/WorkSpace/ORB2_SLAM/ORB_SLAM2_ROS2/install/orb_slam2_ros2
[0.832s] -- The C compiler identification is GNU 11.4.0
[3.897s] -- The CXX compiler identification is GNU 11.4.0
[6.360s] -- Detecting C compiler ABI info
[7.070s] -- Detecting C compiler ABI info - done
[7.081s] -- Check for working C compiler: /usr/bin/cc - skipped
[7.104s] -- Detecting C compile features
[7.105s] -- Detecting C compile features - done
[7.111s] -- Detecting CXX compiler ABI info
[7.784s] -- Detecting CXX compiler ABI info - done
[7.791s] -- Check for working CXX compiler: /usr/bin/c++ - skipped
[7.792s] -- Detecting CXX compile features
[7.792s] -- Detecting CXX compile features - done
[7.801s] -- Found ament_cmake: 1.3.12 (/opt/ros/humble/share/ament_cmake/cmake)
[7.985s] -- Found Python3: /usr/bin/python3 (found version "3.10.12") found components: Interpreter 
[8.133s] -- Found rclcpp: 16.0.17 (/opt/ros/humble/share/rclcpp/cmake)
[8.968s] -- Found rosidl_generator_c: 3.1.8 (/opt/ros/humble/share/rosidl_generator_c/cmake)
[8.977s] -- Found rosidl_adapter: 3.1.8 (/opt/ros/humble/share/rosidl_adapter/cmake)
[8.995s] -- Found rosidl_generator_cpp: 3.1.8 (/opt/ros/humble/share/rosidl_generator_cpp/cmake)
[9.021s] -- Using all available rosidl_typesupport_c: rosidl_typesupport_fastrtps_c;rosidl_typesupport_introspection_c
[9.053s] -- Using all available rosidl_typesupport_cpp: rosidl_typesupport_fastrtps_cpp;rosidl_typesupport_introspection_cpp
[9.137s] -- Found rmw_implementation_cmake: 6.1.2 (/opt/ros/humble/share/rmw_implementation_cmake/cmake)
[9.143s] -- Found rmw_fastrtps_cpp: 6.2.9 (/opt/ros/humble/share/rmw_fastrtps_cpp/cmake)
[17.277s] -- Found OpenSSL: /usr/lib/x86_64-linux-gnu/libcrypto.so (found version "3.0.2")  
[26.466s] -- Found FastRTPS: /opt/ros/humble/include  
[43.489s] -- Using RMW implementation 'rmw_fastrtps_cpp' as default
[43.532s] -- Looking for pthread.h
[44.336s] -- Looking for pthread.h - found
[44.336s] -- Performing Test CMAKE_HAVE_LIBC_PTHREAD
[45.058s] -- Performing Test CMAKE_HAVE_LIBC_PTHREAD - Success
[45.059s] -- Found Threads: TRUE  
[45.197s] -- Found sensor_msgs: 4.9.0 (/opt/ros/humble/share/sensor_msgs/cmake)
[45.251s] -- Found cv_bridge: 3.2.1 (/opt/ros/humble/share/cv_bridge/cmake)
[45.274s] -- Found image_transport: 3.1.12 (/opt/ros/humble/share/image_transport/cmake)
[54.577s] -- Found OpenCV: /usr (found suitable version "4.5.4", minimum required is "4.0") 
[57.878s] -- Found OpenGL: /usr/lib/x86_64-linux-gnu/libOpenGL.so  found components: OpenGL 
[57.879s] -- Thirdparty dir: /home/zsj/WorkSpace/ORB2_SLAM/ORB_SLAM2_ROS2/src/orb_slam2_ros2/Thirdparty
[57.904s] [0mCMake Deprecation Warning at Thirdparty/DBoW2/CMakeLists.txt:1 (cmake_minimum_required):
[57.904s]   Compatibility with CMake < 2.8.12 will be removed from a future version of
[57.904s]   CMake.
[57.904s] 
[57.905s]   Update the VERSION argument <min> value or use a ...<max> suffix to tell
[57.905s]   CMake that the project does not need compatibility with older versions.
[57.905s] 
[57.905s] [0m
[57.915s] [0mCMake Deprecation Warning at Thirdparty/g2o/CMakeLists.txt:1 (CMAKE_MINIMUM_REQUIRED):
[57.916s]   Compatibility with CMake < 2.8.12 will be removed from a future version of
[57.916s]   CMake.
[57.916s] 
[57.916s]   Update the VERSION argument <min> value or use a ...<max> suffix to tell
[57.916s]   CMake that the project does not need compatibility with older versions.
[57.916s] 
[57.916s] [0m
[57.916s] -- BUILD TYPE:Release
[57.916s] -- Compiling on Unix
[60.021s] -- Found OpenMP_C: -fopenmp (found version "4.5") 
[60.753s] -- Found OpenMP_CXX: -fopenmp (found version "4.5") 
[60.753s] -- Found OpenMP: TRUE (found version "4.5")  
[61.616s] -- Found Eigen3: /usr/include/eigen3 (Required is at least version "3.1.0") 
[61.618s] -- ORB_SLAM2 core files: /home/zsj/WorkSpace/ORB2_SLAM/ORB_SLAM2_ROS2/src/orb_slam2_ros2/src/orb_slam2_ros2/Converter.cc;/home/zsj/WorkSpace/ORB2_SLAM/ORB_SLAM2_ROS2/src/orb_slam2_ros2/src/orb_slam2_ros2/Frame.cc;/home/zsj/WorkSpace/ORB2_SLAM/ORB_SLAM2_ROS2/src/orb_slam2_ros2/src/orb_slam2_ros2/FrameDrawer.cc;/home/zsj/WorkSpace/ORB2_SLAM/ORB_SLAM2_ROS2/src/orb_slam2_ros2/src/orb_slam2_ros2/Initializer.cc;/home/zsj/WorkSpace/ORB2_SLAM/ORB_SLAM2_ROS2/src/orb_slam2_ros2/src/orb_slam2_ros2/KeyFrame.cc;/home/zsj/WorkSpace/ORB2_SLAM/ORB_SLAM2_ROS2/src/orb_slam2_ros2/src/orb_slam2_ros2/KeyFrameDatabase.cc;/home/zsj/WorkSpace/ORB2_SLAM/ORB_SLAM2_ROS2/src/orb_slam2_ros2/src/orb_slam2_ros2/LocalMapping.cc;/home/zsj/WorkSpace/ORB2_SLAM/ORB_SLAM2_ROS2/src/orb_slam2_ros2/src/orb_slam2_ros2/LoopClosing.cc;/home/zsj/WorkSpace/ORB2_SLAM/ORB_SLAM2_ROS2/src/orb_slam2_ros2/src/orb_slam2_ros2/Map.cc;/home/zsj/WorkSpace/ORB2_SLAM/ORB_SLAM2_ROS2/src/orb_slam2_ros2/src/orb_slam2_ros2/MapDrawer.cc;/home/zsj/WorkSpace/ORB2_SLAM/ORB_SLAM2_ROS2/src/orb_slam2_ros2/src/orb_slam2_ros2/MapPoint.cc;/home/zsj/WorkSpace/ORB2_SLAM/ORB_SLAM2_ROS2/src/orb_slam2_ros2/src/orb_slam2_ros2/ORBextractor.cc;/home/zsj/WorkSpace/ORB2_SLAM/ORB_SLAM2_ROS2/src/orb_slam2_ros2/src/orb_slam2_ros2/ORBmatcher.cc;/home/zsj/WorkSpace/ORB2_SLAM/ORB_SLAM2_ROS2/src/orb_slam2_ros2/src/orb_slam2_ros2/Optimizer.cc;/home/zsj/WorkSpace/ORB2_SLAM/ORB_SLAM2_ROS2/src/orb_slam2_ros2/src/orb_slam2_ros2/PnPsolver.cc;/home/zsj/WorkSpace/ORB2_SLAM/ORB_SLAM2_ROS2/src/orb_slam2_ros2/src/orb_slam2_ros2/Sim3Solver.cc;/home/zsj/WorkSpace/ORB2_SLAM/ORB_SLAM2_ROS2/src/orb_slam2_ros2/src/orb_slam2_ros2/System.cc;/home/zsj/WorkSpace/ORB2_SLAM/ORB_SLAM2_ROS2/src/orb_slam2_ros2/src/orb_slam2_ros2/Tracking.cc;/home/zsj/WorkSpace/ORB2_SLAM/ORB_SLAM2_ROS2/src/orb_slam2_ros2/src/orb_slam2_ros2/Viewer.cc
[61.620s] [31mCMake Error at /opt/ros/humble/share/ament_cmake_target_dependencies/cmake/ament_target_dependencies.cmake:77 (message):
[61.620s]   ament_target_dependencies() the passed package name 'PRIVATE' was not found
[61.620s]   before
[61.620s] Call Stack (most recent call first):
[61.621s]   CMakeLists.txt:80 (ament_target_dependencies)
[61.621s] 
[61.621s] [0m
[61.621s] -- Configuring incomplete, errors occurred!
[61.621s] See also "/home/zsj/WorkSpace/ORB2_SLAM/ORB_SLAM2_ROS2/build/orb_slam2_ros2/CMakeFiles/CMakeOutput.log".
[61.645s] Invoked command in '/home/zsj/WorkSpace/ORB2_SLAM/ORB_SLAM2_ROS2/build/orb_slam2_ros2' returned '1': CMAKE_PREFIX_PATH=${CMAKE_PREFIX_PATH}:/opt/ros/humble CONDA_PROMPT_MODIFIER=(base) /usr/bin/cmake /home/zsj/WorkSpace/ORB2_SLAM/ORB_SLAM2_ROS2/src/orb_slam2_ros2 -DCMAKE_INSTALL_PREFIX=/home/zsj/WorkSpace/ORB2_SLAM/ORB_SLAM2_ROS2/install/orb_slam2_ros2
