[0.572s] DEBUG:colcon:Command line arguments: ['/usr/bin/colcon', 'build', '--packages-select', 'orb_slam2_stereo', '--cmake-args', '-DCMAKE_BUILD_TYPE=Release']
[0.572s] DEBUG:colcon:Parsed command line arguments: Namespace(log_base=None, log_level=None, verb_name='build', build_base='build', install_base='install', merge_install=False, symlink_install=False, test_result_base=None, continue_on_error=False, executor='parallel', parallel_workers=18, event_handlers=None, ignore_user_meta=False, metas=['./colcon.meta'], base_paths=['.'], packages_ignore=None, packages_ignore_regex=None, paths=None, packages_up_to=None, packages_up_to_regex=None, packages_above=None, packages_above_and_dependencies=None, packages_above_depth=None, packages_select_by_dep=None, packages_skip_by_dep=None, packages_skip_up_to=None, packages_select_build_failed=False, packages_skip_build_finished=False, packages_select_test_failures=False, packages_skip_test_passed=False, packages_select=['orb_slam2_stereo'], packages_skip=None, packages_select_regex=None, packages_skip_regex=None, packages_start=None, packages_end=None, allow_overriding=[], cmake_args=['-DCMAKE_BUILD_TYPE=Release'], cmake_target=None, cmake_target_skip_unavailable=False, cmake_clean_cache=False, cmake_clean_first=False, cmake_force_configure=False, ament_cmake_args=None, catkin_cmake_args=None, catkin_skip_building_tests=False, verb_parser=<colcon_defaults.argument_parser.defaults.DefaultArgumentsDecorator object at 0x7c38cdb27100>, verb_extension=<colcon_core.verb.build.BuildVerb object at 0x7c38cdb267d0>, main=<bound method BuildVerb.main of <colcon_core.verb.build.BuildVerb object at 0x7c38cdb267d0>>)
[0.755s] Level 1:colcon.colcon_core.package_discovery:discover_packages(colcon_meta) check parameters
[0.755s] Level 1:colcon.colcon_core.package_discovery:discover_packages(recursive) check parameters
[0.755s] Level 1:colcon.colcon_core.package_discovery:discover_packages(ignore) check parameters
[0.755s] Level 1:colcon.colcon_core.package_discovery:discover_packages(path) check parameters
[0.755s] Level 1:colcon.colcon_core.package_discovery:discover_packages(colcon_meta) discover
[0.755s] Level 1:colcon.colcon_core.package_discovery:discover_packages(recursive) discover
[0.755s] INFO:colcon.colcon_core.package_discovery:Crawling recursively for packages in '/home/zsj/WorkSpace/ORB2_SLAM/ORB_SLAM2_ROS2'
[0.755s] Level 1:colcon.colcon_core.package_identification:_identify(.) by extensions ['ignore', 'ignore_ament_install']
[0.755s] Level 1:colcon.colcon_core.package_identification:_identify(.) by extension 'ignore'
[0.756s] Level 1:colcon.colcon_core.package_identification:_identify(.) by extension 'ignore_ament_install'
[0.756s] Level 1:colcon.colcon_core.package_identification:_identify(.) by extensions ['colcon_pkg']
[0.756s] Level 1:colcon.colcon_core.package_identification:_identify(.) by extension 'colcon_pkg'
[0.756s] Level 1:colcon.colcon_core.package_identification:_identify(.) by extensions ['colcon_meta']
[0.756s] Level 1:colcon.colcon_core.package_identification:_identify(.) by extension 'colcon_meta'
[0.756s] Level 1:colcon.colcon_core.package_identification:_identify(.) by extensions ['ros']
[0.756s] Level 1:colcon.colcon_core.package_identification:_identify(.) by extension 'ros'
[0.787s] Level 1:colcon.colcon_core.package_identification:_identify(.) by extensions ['cmake', 'python']
[0.788s] Level 1:colcon.colcon_core.package_identification:_identify(.) by extension 'cmake'
[0.788s] Level 1:colcon.colcon_core.package_identification:_identify(.) by extension 'python'
[0.788s] Level 1:colcon.colcon_core.package_identification:_identify(.) by extensions ['python_setup_py']
[0.788s] Level 1:colcon.colcon_core.package_identification:_identify(.) by extension 'python_setup_py'
[0.788s] Level 1:colcon.colcon_core.package_identification:_identify(build) by extensions ['ignore', 'ignore_ament_install']
[0.788s] Level 1:colcon.colcon_core.package_identification:_identify(build) by extension 'ignore'
[0.788s] Level 1:colcon.colcon_core.package_identification:_identify(build) ignored
[0.789s] Level 1:colcon.colcon_core.package_identification:_identify(install) by extensions ['ignore', 'ignore_ament_install']
[0.789s] Level 1:colcon.colcon_core.package_identification:_identify(install) by extension 'ignore'
[0.789s] Level 1:colcon.colcon_core.package_identification:_identify(install) ignored
[0.789s] Level 1:colcon.colcon_core.package_identification:_identify(log) by extensions ['ignore', 'ignore_ament_install']
[0.789s] Level 1:colcon.colcon_core.package_identification:_identify(log) by extension 'ignore'
[0.789s] Level 1:colcon.colcon_core.package_identification:_identify(log) ignored
[0.790s] Level 1:colcon.colcon_core.package_identification:_identify(src) by extensions ['ignore', 'ignore_ament_install']
[0.790s] Level 1:colcon.colcon_core.package_identification:_identify(src) by extension 'ignore'
[0.790s] Level 1:colcon.colcon_core.package_identification:_identify(src) by extension 'ignore_ament_install'
[0.790s] Level 1:colcon.colcon_core.package_identification:_identify(src) by extensions ['colcon_pkg']
[0.790s] Level 1:colcon.colcon_core.package_identification:_identify(src) by extension 'colcon_pkg'
[0.790s] Level 1:colcon.colcon_core.package_identification:_identify(src) by extensions ['colcon_meta']
[0.790s] Level 1:colcon.colcon_core.package_identification:_identify(src) by extension 'colcon_meta'
[0.790s] Level 1:colcon.colcon_core.package_identification:_identify(src) by extensions ['ros']
[0.790s] Level 1:colcon.colcon_core.package_identification:_identify(src) by extension 'ros'
[0.790s] Level 1:colcon.colcon_core.package_identification:_identify(src) by extensions ['cmake', 'python']
[0.790s] Level 1:colcon.colcon_core.package_identification:_identify(src) by extension 'cmake'
[0.790s] Level 1:colcon.colcon_core.package_identification:_identify(src) by extension 'python'
[0.790s] Level 1:colcon.colcon_core.package_identification:_identify(src) by extensions ['python_setup_py']
[0.790s] Level 1:colcon.colcon_core.package_identification:_identify(src) by extension 'python_setup_py'
[0.791s] Level 1:colcon.colcon_core.package_identification:_identify(src/orb_slam_stero) by extensions ['ignore', 'ignore_ament_install']
[0.791s] Level 1:colcon.colcon_core.package_identification:_identify(src/orb_slam_stero) by extension 'ignore'
[0.791s] Level 1:colcon.colcon_core.package_identification:_identify(src/orb_slam_stero) by extension 'ignore_ament_install'
[0.791s] Level 1:colcon.colcon_core.package_identification:_identify(src/orb_slam_stero) by extensions ['colcon_pkg']
[0.791s] Level 1:colcon.colcon_core.package_identification:_identify(src/orb_slam_stero) by extension 'colcon_pkg'
[0.791s] Level 1:colcon.colcon_core.package_identification:_identify(src/orb_slam_stero) by extensions ['colcon_meta']
[0.791s] Level 1:colcon.colcon_core.package_identification:_identify(src/orb_slam_stero) by extension 'colcon_meta'
[0.791s] Level 1:colcon.colcon_core.package_identification:_identify(src/orb_slam_stero) by extensions ['ros']
[0.791s] Level 1:colcon.colcon_core.package_identification:_identify(src/orb_slam_stero) by extension 'ros'
[0.802s] DEBUG:colcon.colcon_core.package_identification:Package 'src/orb_slam_stero' with type 'ros.cmake' and name 'orb_slam2_stereo'
[0.802s] Level 1:colcon.colcon_core.package_discovery:discover_packages(recursive) using defaults
[0.802s] Level 1:colcon.colcon_core.package_discovery:discover_packages(ignore) discover
[0.803s] Level 1:colcon.colcon_core.package_discovery:discover_packages(ignore) using defaults
[0.803s] Level 1:colcon.colcon_core.package_discovery:discover_packages(path) discover
[0.803s] Level 1:colcon.colcon_core.package_discovery:discover_packages(path) using defaults
[0.837s] Level 1:colcon.colcon_core.package_discovery:discover_packages(prefix_path) check parameters
[0.838s] Level 1:colcon.colcon_core.package_discovery:discover_packages(prefix_path) discover
[0.842s] DEBUG:colcon.colcon_installed_package_information.package_discovery:Found 272 installed packages in /opt/ros/humble
[0.845s] Level 1:colcon.colcon_core.package_discovery:discover_packages(prefix_path) using defaults
[0.900s] Level 5:colcon.colcon_core.verb:set package 'orb_slam2_stereo' build argument 'cmake_args' from command line to '['-DCMAKE_BUILD_TYPE=Release']'
[0.900s] Level 5:colcon.colcon_core.verb:set package 'orb_slam2_stereo' build argument 'cmake_target' from command line to 'None'
[0.900s] Level 5:colcon.colcon_core.verb:set package 'orb_slam2_stereo' build argument 'cmake_target_skip_unavailable' from command line to 'False'
[0.900s] Level 5:colcon.colcon_core.verb:set package 'orb_slam2_stereo' build argument 'cmake_clean_cache' from command line to 'False'
[0.900s] Level 5:colcon.colcon_core.verb:set package 'orb_slam2_stereo' build argument 'cmake_clean_first' from command line to 'False'
[0.900s] Level 5:colcon.colcon_core.verb:set package 'orb_slam2_stereo' build argument 'cmake_force_configure' from command line to 'False'
[0.900s] Level 5:colcon.colcon_core.verb:set package 'orb_slam2_stereo' build argument 'ament_cmake_args' from command line to 'None'
[0.900s] Level 5:colcon.colcon_core.verb:set package 'orb_slam2_stereo' build argument 'catkin_cmake_args' from command line to 'None'
[0.900s] Level 5:colcon.colcon_core.verb:set package 'orb_slam2_stereo' build argument 'catkin_skip_building_tests' from command line to 'False'
[0.900s] DEBUG:colcon.colcon_core.verb:Building package 'orb_slam2_stereo' with the following arguments: {'ament_cmake_args': None, 'build_base': '/home/zsj/WorkSpace/ORB2_SLAM/ORB_SLAM2_ROS2/build/orb_slam2_stereo', 'catkin_cmake_args': None, 'catkin_skip_building_tests': False, 'cmake_args': ['-DCMAKE_BUILD_TYPE=Release'], 'cmake_clean_cache': False, 'cmake_clean_first': False, 'cmake_force_configure': False, 'cmake_target': None, 'cmake_target_skip_unavailable': False, 'install_base': '/home/zsj/WorkSpace/ORB2_SLAM/ORB_SLAM2_ROS2/install/orb_slam2_stereo', 'merge_install': False, 'path': '/home/zsj/WorkSpace/ORB2_SLAM/ORB_SLAM2_ROS2/src/orb_slam_stero', 'symlink_install': False, 'test_result_base': None}
[0.900s] INFO:colcon.colcon_core.executor:Executing jobs using 'parallel' executor
[0.902s] DEBUG:colcon.colcon_parallel_executor.executor.parallel:run_until_complete
[0.902s] INFO:colcon.colcon_ros.task.cmake.build:Building ROS package in '/home/zsj/WorkSpace/ORB2_SLAM/ORB_SLAM2_ROS2/src/orb_slam_stero' with build type 'cmake'
[0.902s] INFO:colcon.colcon_cmake.task.cmake.build:Building CMake package in '/home/zsj/WorkSpace/ORB2_SLAM/ORB_SLAM2_ROS2/src/orb_slam_stero'
[0.907s] INFO:colcon.colcon_core.plugin_system:Skipping extension 'colcon_core.shell.bat': Not used on non-Windows systems
[0.907s] INFO:colcon.colcon_core.shell:Skip shell extension 'powershell' for command environment: Not usable outside of PowerShell
[0.908s] DEBUG:colcon.colcon_core.shell:Skip shell extension 'dsv' for command environment
[0.938s] DEBUG:colcon.colcon_core.event_handler.log_command:Invoking command in '/home/zsj/WorkSpace/ORB2_SLAM/ORB_SLAM2_ROS2/build/orb_slam2_stereo': CMAKE_PREFIX_PATH=/opt/ros/humble CONDA_PROMPT_MODIFIER=(base) /usr/bin/cmake --build /home/zsj/WorkSpace/ORB2_SLAM/ORB_SLAM2_ROS2/build/orb_slam2_stereo -- -j18 -l18
[94.655s] DEBUG:colcon.colcon_core.event_handler.log_command:Invoked command in '/home/zsj/WorkSpace/ORB2_SLAM/ORB_SLAM2_ROS2/build/orb_slam2_stereo' returned '2': CMAKE_PREFIX_PATH=/opt/ros/humble CONDA_PROMPT_MODIFIER=(base) /usr/bin/cmake --build /home/zsj/WorkSpace/ORB2_SLAM/ORB_SLAM2_ROS2/build/orb_slam2_stereo -- -j18 -l18
[94.659s] Level 1:colcon.colcon_core.shell:create_environment_hook('orb_slam2_stereo', 'pkg_config_path')
[94.661s] INFO:colcon.colcon_core.shell:Creating environment hook '/home/zsj/WorkSpace/ORB2_SLAM/ORB_SLAM2_ROS2/install/orb_slam2_stereo/share/orb_slam2_stereo/hook/pkg_config_path.ps1'
[94.668s] INFO:colcon.colcon_core.shell:Creating environment descriptor '/home/zsj/WorkSpace/ORB2_SLAM/ORB_SLAM2_ROS2/install/orb_slam2_stereo/share/orb_slam2_stereo/hook/pkg_config_path.dsv'
[94.670s] INFO:colcon.colcon_core.shell:Creating environment hook '/home/zsj/WorkSpace/ORB2_SLAM/ORB_SLAM2_ROS2/install/orb_slam2_stereo/share/orb_slam2_stereo/hook/pkg_config_path.sh'
[94.677s] Level 1:colcon.colcon_core.shell:create_environment_hook('orb_slam2_stereo', 'pkg_config_path_multiarch')
[94.678s] INFO:colcon.colcon_core.shell:Creating environment hook '/home/zsj/WorkSpace/ORB2_SLAM/ORB_SLAM2_ROS2/install/orb_slam2_stereo/share/orb_slam2_stereo/hook/pkg_config_path_multiarch.ps1'
[94.681s] INFO:colcon.colcon_core.shell:Creating environment descriptor '/home/zsj/WorkSpace/ORB2_SLAM/ORB_SLAM2_ROS2/install/orb_slam2_stereo/share/orb_slam2_stereo/hook/pkg_config_path_multiarch.dsv'
[94.683s] INFO:colcon.colcon_core.shell:Creating environment hook '/home/zsj/WorkSpace/ORB2_SLAM/ORB_SLAM2_ROS2/install/orb_slam2_stereo/share/orb_slam2_stereo/hook/pkg_config_path_multiarch.sh'
[94.684s] Level 1:colcon.colcon_core.environment:create_environment_scripts_only(orb_slam2_stereo)
[94.697s] Level 1:colcon.colcon_core.environment:checking '/home/zsj/WorkSpace/ORB2_SLAM/ORB_SLAM2_ROS2/install/orb_slam2_stereo' for CMake module files
[94.697s] Level 1:colcon.colcon_core.environment:checking '/home/zsj/WorkSpace/ORB2_SLAM/ORB_SLAM2_ROS2/install/orb_slam2_stereo' for CMake config files
[94.699s] Level 1:colcon.colcon_core.environment:checking '/home/zsj/WorkSpace/ORB2_SLAM/ORB_SLAM2_ROS2/install/orb_slam2_stereo/bin'
[94.699s] Level 1:colcon.colcon_core.environment:checking '/home/zsj/WorkSpace/ORB2_SLAM/ORB_SLAM2_ROS2/install/orb_slam2_stereo/lib/pkgconfig/orb_slam2_stereo.pc'
[94.702s] Level 1:colcon.colcon_core.environment:checking '/home/zsj/WorkSpace/ORB2_SLAM/ORB_SLAM2_ROS2/install/orb_slam2_stereo/lib/python3.10/site-packages'
[94.703s] Level 1:colcon.colcon_core.environment:checking '/home/zsj/WorkSpace/ORB2_SLAM/ORB_SLAM2_ROS2/install/orb_slam2_stereo/bin'
[94.705s] INFO:colcon.colcon_core.shell:Creating package script '/home/zsj/WorkSpace/ORB2_SLAM/ORB_SLAM2_ROS2/install/orb_slam2_stereo/share/orb_slam2_stereo/package.ps1'
[94.707s] INFO:colcon.colcon_core.shell:Creating package descriptor '/home/zsj/WorkSpace/ORB2_SLAM/ORB_SLAM2_ROS2/install/orb_slam2_stereo/share/orb_slam2_stereo/package.dsv'
[94.708s] INFO:colcon.colcon_core.shell:Creating package script '/home/zsj/WorkSpace/ORB2_SLAM/ORB_SLAM2_ROS2/install/orb_slam2_stereo/share/orb_slam2_stereo/package.sh'
[94.710s] INFO:colcon.colcon_core.shell:Creating package script '/home/zsj/WorkSpace/ORB2_SLAM/ORB_SLAM2_ROS2/install/orb_slam2_stereo/share/orb_slam2_stereo/package.bash'
[94.712s] INFO:colcon.colcon_core.shell:Creating package script '/home/zsj/WorkSpace/ORB2_SLAM/ORB_SLAM2_ROS2/install/orb_slam2_stereo/share/orb_slam2_stereo/package.zsh'
[94.713s] Level 1:colcon.colcon_core.environment:create_file_with_runtime_dependencies(/home/zsj/WorkSpace/ORB2_SLAM/ORB_SLAM2_ROS2/install/orb_slam2_stereo/share/colcon-core/packages/orb_slam2_stereo)
[94.726s] DEBUG:colcon.colcon_parallel_executor.executor.parallel:closing loop
[94.727s] DEBUG:colcon.colcon_parallel_executor.executor.parallel:loop closed
[94.727s] DEBUG:colcon.colcon_parallel_executor.executor.parallel:run_until_complete finished with '2'
[94.727s] DEBUG:colcon.colcon_core.event_reactor:joining thread
[94.991s] INFO:colcon.colcon_core.plugin_system:Skipping extension 'colcon_notification.desktop_notification.notify_send': Could not find 'notify-send'
[94.992s] INFO:colcon.colcon_core.plugin_system:Skipping extension 'colcon_notification.desktop_notification.terminal_notifier': Not used on non-Darwin systems
[94.992s] INFO:colcon.colcon_core.plugin_system:Skipping extension 'colcon_notification.desktop_notification.win32': Not used on non-Windows systems
[94.992s] INFO:colcon.colcon_notification.desktop_notification:Sending desktop notification using 'notify2'
[94.993s] DEBUG:colcon.colcon_notification.desktop_notification.notify2:Failed to initialize notify2: org.freedesktop.DBus.Error.FileNotFound: Failed to connect to socket /run/user/1000/bus: No such file or directory
[94.993s] DEBUG:colcon.colcon_core.event_reactor:joined thread
[94.994s] INFO:colcon.colcon_core.shell:Creating prefix script '/home/zsj/WorkSpace/ORB2_SLAM/ORB_SLAM2_ROS2/install/local_setup.ps1'
[94.997s] INFO:colcon.colcon_core.shell:Creating prefix util module '/home/zsj/WorkSpace/ORB2_SLAM/ORB_SLAM2_ROS2/install/_local_setup_util_ps1.py'
[94.999s] INFO:colcon.colcon_core.shell:Creating prefix chain script '/home/zsj/WorkSpace/ORB2_SLAM/ORB_SLAM2_ROS2/install/setup.ps1'
[95.002s] INFO:colcon.colcon_core.shell:Creating prefix script '/home/zsj/WorkSpace/ORB2_SLAM/ORB_SLAM2_ROS2/install/local_setup.sh'
[95.002s] INFO:colcon.colcon_core.shell:Creating prefix util module '/home/zsj/WorkSpace/ORB2_SLAM/ORB_SLAM2_ROS2/install/_local_setup_util_sh.py'
[95.003s] INFO:colcon.colcon_core.shell:Creating prefix chain script '/home/zsj/WorkSpace/ORB2_SLAM/ORB_SLAM2_ROS2/install/setup.sh'
[95.005s] INFO:colcon.colcon_core.shell:Creating prefix script '/home/zsj/WorkSpace/ORB2_SLAM/ORB_SLAM2_ROS2/install/local_setup.bash'
[95.005s] INFO:colcon.colcon_core.shell:Creating prefix chain script '/home/zsj/WorkSpace/ORB2_SLAM/ORB_SLAM2_ROS2/install/setup.bash'
[95.008s] INFO:colcon.colcon_core.shell:Creating prefix script '/home/zsj/WorkSpace/ORB2_SLAM/ORB_SLAM2_ROS2/install/local_setup.zsh'
[95.010s] INFO:colcon.colcon_core.shell:Creating prefix chain script '/home/zsj/WorkSpace/ORB2_SLAM/ORB_SLAM2_ROS2/install/setup.zsh'
