[0.982s] DEBUG:colcon:Command line arguments: ['/usr/bin/colcon', 'build', '--packages-select', 'orb_slam2_ros2']
[0.982s] DEBUG:colcon:Parsed command line arguments: Namespace(log_base=None, log_level=None, verb_name='build', build_base='build', install_base='install', merge_install=False, symlink_install=False, test_result_base=None, continue_on_error=False, executor='parallel', parallel_workers=18, event_handlers=None, ignore_user_meta=False, metas=['./colcon.meta'], base_paths=['.'], packages_ignore=None, packages_ignore_regex=None, paths=None, packages_up_to=None, packages_up_to_regex=None, packages_above=None, packages_above_and_dependencies=None, packages_above_depth=None, packages_select_by_dep=None, packages_skip_by_dep=None, packages_skip_up_to=None, packages_select_build_failed=False, packages_skip_build_finished=False, packages_select_test_failures=False, packages_skip_test_passed=False, packages_select=['orb_slam2_ros2'], packages_skip=None, packages_select_regex=None, packages_skip_regex=None, packages_start=None, packages_end=None, allow_overriding=[], cmake_args=None, cmake_target=None, cmake_target_skip_unavailable=False, cmake_clean_cache=False, cmake_clean_first=False, cmake_force_configure=False, ament_cmake_args=None, catkin_cmake_args=None, catkin_skip_building_tests=False, verb_parser=<colcon_defaults.argument_parser.defaults.DefaultArgumentsDecorator object at 0x7d86a65fb130>, verb_extension=<colcon_core.verb.build.BuildVerb object at 0x7d86a65fa800>, main=<bound method BuildVerb.main of <colcon_core.verb.build.BuildVerb object at 0x7d86a65fa800>>)
[1.419s] Level 1:colcon.colcon_core.package_discovery:discover_packages(colcon_meta) check parameters
[1.419s] Level 1:colcon.colcon_core.package_discovery:discover_packages(recursive) check parameters
[1.419s] Level 1:colcon.colcon_core.package_discovery:discover_packages(ignore) check parameters
[1.419s] Level 1:colcon.colcon_core.package_discovery:discover_packages(path) check parameters
[1.419s] Level 1:colcon.colcon_core.package_discovery:discover_packages(colcon_meta) discover
[1.419s] Level 1:colcon.colcon_core.package_discovery:discover_packages(recursive) discover
[1.419s] INFO:colcon.colcon_core.package_discovery:Crawling recursively for packages in '/home/zsj/WorkSpace/ORB2_SLAM/ORB_SLAM2_ROS2'
[1.419s] Level 1:colcon.colcon_core.package_identification:_identify(.) by extensions ['ignore', 'ignore_ament_install']
[1.419s] Level 1:colcon.colcon_core.package_identification:_identify(.) by extension 'ignore'
[1.419s] Level 1:colcon.colcon_core.package_identification:_identify(.) by extension 'ignore_ament_install'
[1.419s] Level 1:colcon.colcon_core.package_identification:_identify(.) by extensions ['colcon_pkg']
[1.419s] Level 1:colcon.colcon_core.package_identification:_identify(.) by extension 'colcon_pkg'
[1.419s] Level 1:colcon.colcon_core.package_identification:_identify(.) by extensions ['colcon_meta']
[1.419s] Level 1:colcon.colcon_core.package_identification:_identify(.) by extension 'colcon_meta'
[1.420s] Level 1:colcon.colcon_core.package_identification:_identify(.) by extensions ['ros']
[1.420s] Level 1:colcon.colcon_core.package_identification:_identify(.) by extension 'ros'
[1.439s] Level 1:colcon.colcon_core.package_identification:_identify(.) by extensions ['cmake', 'python']
[1.439s] Level 1:colcon.colcon_core.package_identification:_identify(.) by extension 'cmake'
[1.439s] Level 1:colcon.colcon_core.package_identification:_identify(.) by extension 'python'
[1.439s] Level 1:colcon.colcon_core.package_identification:_identify(.) by extensions ['python_setup_py']
[1.439s] Level 1:colcon.colcon_core.package_identification:_identify(.) by extension 'python_setup_py'
[1.439s] Level 1:colcon.colcon_core.package_identification:_identify(build) by extensions ['ignore', 'ignore_ament_install']
[1.439s] Level 1:colcon.colcon_core.package_identification:_identify(build) by extension 'ignore'
[1.439s] Level 1:colcon.colcon_core.package_identification:_identify(build) ignored
[1.440s] Level 1:colcon.colcon_core.package_identification:_identify(install) by extensions ['ignore', 'ignore_ament_install']
[1.440s] Level 1:colcon.colcon_core.package_identification:_identify(install) by extension 'ignore'
[1.440s] Level 1:colcon.colcon_core.package_identification:_identify(install) ignored
[1.440s] Level 1:colcon.colcon_core.package_identification:_identify(log) by extensions ['ignore', 'ignore_ament_install']
[1.440s] Level 1:colcon.colcon_core.package_identification:_identify(log) by extension 'ignore'
[1.440s] Level 1:colcon.colcon_core.package_identification:_identify(log) ignored
[1.440s] Level 1:colcon.colcon_core.package_identification:_identify(src) by extensions ['ignore', 'ignore_ament_install']
[1.440s] Level 1:colcon.colcon_core.package_identification:_identify(src) by extension 'ignore'
[1.440s] Level 1:colcon.colcon_core.package_identification:_identify(src) by extension 'ignore_ament_install'
[1.440s] Level 1:colcon.colcon_core.package_identification:_identify(src) by extensions ['colcon_pkg']
[1.440s] Level 1:colcon.colcon_core.package_identification:_identify(src) by extension 'colcon_pkg'
[1.440s] Level 1:colcon.colcon_core.package_identification:_identify(src) by extensions ['colcon_meta']
[1.440s] Level 1:colcon.colcon_core.package_identification:_identify(src) by extension 'colcon_meta'
[1.440s] Level 1:colcon.colcon_core.package_identification:_identify(src) by extensions ['ros']
[1.440s] Level 1:colcon.colcon_core.package_identification:_identify(src) by extension 'ros'
[1.440s] Level 1:colcon.colcon_core.package_identification:_identify(src) by extensions ['cmake', 'python']
[1.440s] Level 1:colcon.colcon_core.package_identification:_identify(src) by extension 'cmake'
[1.440s] Level 1:colcon.colcon_core.package_identification:_identify(src) by extension 'python'
[1.440s] Level 1:colcon.colcon_core.package_identification:_identify(src) by extensions ['python_setup_py']
[1.440s] Level 1:colcon.colcon_core.package_identification:_identify(src) by extension 'python_setup_py'
[1.440s] Level 1:colcon.colcon_core.package_identification:_identify(src/orb_slam2_ros2) by extensions ['ignore', 'ignore_ament_install']
[1.441s] Level 1:colcon.colcon_core.package_identification:_identify(src/orb_slam2_ros2) by extension 'ignore'
[1.441s] Level 1:colcon.colcon_core.package_identification:_identify(src/orb_slam2_ros2) by extension 'ignore_ament_install'
[1.441s] Level 1:colcon.colcon_core.package_identification:_identify(src/orb_slam2_ros2) by extensions ['colcon_pkg']
[1.441s] Level 1:colcon.colcon_core.package_identification:_identify(src/orb_slam2_ros2) by extension 'colcon_pkg'
[1.441s] Level 1:colcon.colcon_core.package_identification:_identify(src/orb_slam2_ros2) by extensions ['colcon_meta']
[1.441s] Level 1:colcon.colcon_core.package_identification:_identify(src/orb_slam2_ros2) by extension 'colcon_meta'
[1.441s] Level 1:colcon.colcon_core.package_identification:_identify(src/orb_slam2_ros2) by extensions ['ros']
[1.441s] Level 1:colcon.colcon_core.package_identification:_identify(src/orb_slam2_ros2) by extension 'ros'
[1.445s] DEBUG:colcon.colcon_core.package_identification:Package 'src/orb_slam2_ros2' with type 'ros.ament_cmake' and name 'orb_slam2_ros2'
[1.446s] Level 1:colcon.colcon_core.package_identification:_identify(src/orb_slam_stereo) by extensions ['ignore', 'ignore_ament_install']
[1.446s] Level 1:colcon.colcon_core.package_identification:_identify(src/orb_slam_stereo) by extension 'ignore'
[1.446s] Level 1:colcon.colcon_core.package_identification:_identify(src/orb_slam_stereo) by extension 'ignore_ament_install'
[1.446s] Level 1:colcon.colcon_core.package_identification:_identify(src/orb_slam_stereo) by extensions ['colcon_pkg']
[1.446s] Level 1:colcon.colcon_core.package_identification:_identify(src/orb_slam_stereo) by extension 'colcon_pkg'
[1.446s] Level 1:colcon.colcon_core.package_identification:_identify(src/orb_slam_stereo) by extensions ['colcon_meta']
[1.446s] Level 1:colcon.colcon_core.package_identification:_identify(src/orb_slam_stereo) by extension 'colcon_meta'
[1.446s] Level 1:colcon.colcon_core.package_identification:_identify(src/orb_slam_stereo) by extensions ['ros']
[1.446s] Level 1:colcon.colcon_core.package_identification:_identify(src/orb_slam_stereo) by extension 'ros'
[1.447s] DEBUG:colcon.colcon_core.package_identification:Package 'src/orb_slam_stereo' with type 'ros.cmake' and name 'orb_slam2_stereo'
[1.447s] Level 1:colcon.colcon_core.package_discovery:discover_packages(recursive) using defaults
[1.447s] Level 1:colcon.colcon_core.package_discovery:discover_packages(ignore) discover
[1.447s] Level 1:colcon.colcon_core.package_discovery:discover_packages(ignore) using defaults
[1.447s] Level 1:colcon.colcon_core.package_discovery:discover_packages(path) discover
[1.447s] Level 1:colcon.colcon_core.package_discovery:discover_packages(path) using defaults
[1.488s] INFO:colcon.colcon_core.package_selection:Skipping not selected package 'orb_slam2_stereo' in 'src/orb_slam_stereo'
[1.489s] Level 1:colcon.colcon_core.package_discovery:discover_packages(prefix_path) check parameters
[1.489s] Level 1:colcon.colcon_core.package_discovery:discover_packages(prefix_path) discover
[1.493s] WARNING:colcon.colcon_ros.prefix_path.catkin:The path '/home/zsj/WorkSpace/ORB2_SLAM/ORB_SLAM2_ROS2/install/orb_slam2_stereo' in the environment variable CMAKE_PREFIX_PATH doesn't exist
[1.495s] DEBUG:colcon.colcon_installed_package_information.package_discovery:Found 0 installed packages in /home/zsj/WorkSpace/ORB2_SLAM/ORB_SLAM2_ROS2/install
[1.497s] DEBUG:colcon.colcon_installed_package_information.package_discovery:Found 272 installed packages in /opt/ros/humble
[1.502s] Level 1:colcon.colcon_core.package_discovery:discover_packages(prefix_path) using defaults
[1.639s] Level 5:colcon.colcon_core.verb:set package 'orb_slam2_ros2' build argument 'cmake_args' from command line to 'None'
[1.639s] Level 5:colcon.colcon_core.verb:set package 'orb_slam2_ros2' build argument 'cmake_target' from command line to 'None'
[1.639s] Level 5:colcon.colcon_core.verb:set package 'orb_slam2_ros2' build argument 'cmake_target_skip_unavailable' from command line to 'False'
[1.639s] Level 5:colcon.colcon_core.verb:set package 'orb_slam2_ros2' build argument 'cmake_clean_cache' from command line to 'False'
[1.639s] Level 5:colcon.colcon_core.verb:set package 'orb_slam2_ros2' build argument 'cmake_clean_first' from command line to 'False'
[1.639s] Level 5:colcon.colcon_core.verb:set package 'orb_slam2_ros2' build argument 'cmake_force_configure' from command line to 'False'
[1.639s] Level 5:colcon.colcon_core.verb:set package 'orb_slam2_ros2' build argument 'ament_cmake_args' from command line to 'None'
[1.639s] Level 5:colcon.colcon_core.verb:set package 'orb_slam2_ros2' build argument 'catkin_cmake_args' from command line to 'None'
[1.639s] Level 5:colcon.colcon_core.verb:set package 'orb_slam2_ros2' build argument 'catkin_skip_building_tests' from command line to 'False'
[1.639s] DEBUG:colcon.colcon_core.verb:Building package 'orb_slam2_ros2' with the following arguments: {'ament_cmake_args': None, 'build_base': '/home/zsj/WorkSpace/ORB2_SLAM/ORB_SLAM2_ROS2/build/orb_slam2_ros2', 'catkin_cmake_args': None, 'catkin_skip_building_tests': False, 'cmake_args': None, 'cmake_clean_cache': False, 'cmake_clean_first': False, 'cmake_force_configure': False, 'cmake_target': None, 'cmake_target_skip_unavailable': False, 'install_base': '/home/zsj/WorkSpace/ORB2_SLAM/ORB_SLAM2_ROS2/install/orb_slam2_ros2', 'merge_install': False, 'path': '/home/zsj/WorkSpace/ORB2_SLAM/ORB_SLAM2_ROS2/src/orb_slam2_ros2', 'symlink_install': False, 'test_result_base': None}
[1.639s] INFO:colcon.colcon_core.executor:Executing jobs using 'parallel' executor
[1.643s] DEBUG:colcon.colcon_parallel_executor.executor.parallel:run_until_complete
[1.643s] INFO:colcon.colcon_ros.task.ament_cmake.build:Building ROS package in '/home/zsj/WorkSpace/ORB2_SLAM/ORB_SLAM2_ROS2/src/orb_slam2_ros2' with build type 'ament_cmake'
[1.644s] INFO:colcon.colcon_cmake.task.cmake.build:Building CMake package in '/home/zsj/WorkSpace/ORB2_SLAM/ORB_SLAM2_ROS2/src/orb_slam2_ros2'
[1.665s] INFO:colcon.colcon_core.plugin_system:Skipping extension 'colcon_core.shell.bat': Not used on non-Windows systems
[1.665s] INFO:colcon.colcon_core.shell:Skip shell extension 'powershell' for command environment: Not usable outside of PowerShell
[1.665s] DEBUG:colcon.colcon_core.shell:Skip shell extension 'dsv' for command environment
[1.681s] DEBUG:colcon.colcon_core.event_handler.log_command:Invoking command in '/home/zsj/WorkSpace/ORB2_SLAM/ORB_SLAM2_ROS2/build/orb_slam2_ros2': CMAKE_PREFIX_PATH=${CMAKE_PREFIX_PATH}:/opt/ros/humble CONDA_PROMPT_MODIFIER=(base) /usr/bin/cmake /home/zsj/WorkSpace/ORB2_SLAM/ORB_SLAM2_ROS2/src/orb_slam2_ros2 -DCMAKE_INSTALL_PREFIX=/home/zsj/WorkSpace/ORB2_SLAM/ORB_SLAM2_ROS2/install/orb_slam2_ros2
[63.288s] DEBUG:colcon.colcon_core.event_handler.log_command:Invoked command in '/home/zsj/WorkSpace/ORB2_SLAM/ORB_SLAM2_ROS2/build/orb_slam2_ros2' returned '1': CMAKE_PREFIX_PATH=${CMAKE_PREFIX_PATH}:/opt/ros/humble CONDA_PROMPT_MODIFIER=(base) /usr/bin/cmake /home/zsj/WorkSpace/ORB2_SLAM/ORB_SLAM2_ROS2/src/orb_slam2_ros2 -DCMAKE_INSTALL_PREFIX=/home/zsj/WorkSpace/ORB2_SLAM/ORB_SLAM2_ROS2/install/orb_slam2_ros2
[63.309s] Level 1:colcon.colcon_core.environment:create_environment_scripts_only(orb_slam2_ros2)
[63.324s] Level 1:colcon.colcon_core.environment:checking '/home/zsj/WorkSpace/ORB2_SLAM/ORB_SLAM2_ROS2/install/orb_slam2_ros2' for CMake module files
[63.325s] Level 1:colcon.colcon_core.environment:checking '/home/zsj/WorkSpace/ORB2_SLAM/ORB_SLAM2_ROS2/install/orb_slam2_ros2' for CMake config files
[63.325s] Level 1:colcon.colcon_core.environment:checking '/home/zsj/WorkSpace/ORB2_SLAM/ORB_SLAM2_ROS2/install/orb_slam2_ros2/bin'
[63.326s] Level 1:colcon.colcon_core.environment:checking '/home/zsj/WorkSpace/ORB2_SLAM/ORB_SLAM2_ROS2/install/orb_slam2_ros2/lib/pkgconfig/orb_slam2_ros2.pc'
[63.326s] Level 1:colcon.colcon_core.environment:checking '/home/zsj/WorkSpace/ORB2_SLAM/ORB_SLAM2_ROS2/install/orb_slam2_ros2/lib/python3.10/site-packages'
[63.326s] Level 1:colcon.colcon_core.environment:checking '/home/zsj/WorkSpace/ORB2_SLAM/ORB_SLAM2_ROS2/install/orb_slam2_ros2/bin'
[63.327s] INFO:colcon.colcon_core.shell:Creating package script '/home/zsj/WorkSpace/ORB2_SLAM/ORB_SLAM2_ROS2/install/orb_slam2_ros2/share/orb_slam2_ros2/package.ps1'
[63.332s] INFO:colcon.colcon_core.shell:Creating package descriptor '/home/zsj/WorkSpace/ORB2_SLAM/ORB_SLAM2_ROS2/install/orb_slam2_ros2/share/orb_slam2_ros2/package.dsv'
[63.333s] INFO:colcon.colcon_core.shell:Creating package script '/home/zsj/WorkSpace/ORB2_SLAM/ORB_SLAM2_ROS2/install/orb_slam2_ros2/share/orb_slam2_ros2/package.sh'
[63.336s] INFO:colcon.colcon_core.shell:Creating package script '/home/zsj/WorkSpace/ORB2_SLAM/ORB_SLAM2_ROS2/install/orb_slam2_ros2/share/orb_slam2_ros2/package.bash'
[63.337s] INFO:colcon.colcon_core.shell:Creating package script '/home/zsj/WorkSpace/ORB2_SLAM/ORB_SLAM2_ROS2/install/orb_slam2_ros2/share/orb_slam2_ros2/package.zsh'
[63.339s] Level 1:colcon.colcon_core.environment:create_file_with_runtime_dependencies(/home/zsj/WorkSpace/ORB2_SLAM/ORB_SLAM2_ROS2/install/orb_slam2_ros2/share/colcon-core/packages/orb_slam2_ros2)
[63.351s] DEBUG:colcon.colcon_parallel_executor.executor.parallel:closing loop
[63.351s] DEBUG:colcon.colcon_parallel_executor.executor.parallel:loop closed
[63.351s] DEBUG:colcon.colcon_parallel_executor.executor.parallel:run_until_complete finished with '1'
[63.351s] DEBUG:colcon.colcon_core.event_reactor:joining thread
[63.741s] INFO:colcon.colcon_core.plugin_system:Skipping extension 'colcon_notification.desktop_notification.notify_send': Could not find 'notify-send'
[63.741s] INFO:colcon.colcon_core.plugin_system:Skipping extension 'colcon_notification.desktop_notification.terminal_notifier': Not used on non-Darwin systems
[63.741s] INFO:colcon.colcon_core.plugin_system:Skipping extension 'colcon_notification.desktop_notification.win32': Not used on non-Windows systems
[63.741s] INFO:colcon.colcon_notification.desktop_notification:Sending desktop notification using 'notify2'
[63.741s] DEBUG:colcon.colcon_notification.desktop_notification.notify2:Failed to initialize notify2: org.freedesktop.DBus.Error.FileNotFound: Failed to connect to socket /run/user/1000/bus: No such file or directory
[63.742s] DEBUG:colcon.colcon_core.event_reactor:joined thread
[63.742s] INFO:colcon.colcon_core.shell:Creating prefix script '/home/zsj/WorkSpace/ORB2_SLAM/ORB_SLAM2_ROS2/install/local_setup.ps1'
[63.745s] INFO:colcon.colcon_core.shell:Creating prefix util module '/home/zsj/WorkSpace/ORB2_SLAM/ORB_SLAM2_ROS2/install/_local_setup_util_ps1.py'
[63.747s] INFO:colcon.colcon_core.shell:Creating prefix chain script '/home/zsj/WorkSpace/ORB2_SLAM/ORB_SLAM2_ROS2/install/setup.ps1'
[63.748s] INFO:colcon.colcon_core.shell:Creating prefix script '/home/zsj/WorkSpace/ORB2_SLAM/ORB_SLAM2_ROS2/install/local_setup.sh'
[63.749s] INFO:colcon.colcon_core.shell:Creating prefix util module '/home/zsj/WorkSpace/ORB2_SLAM/ORB_SLAM2_ROS2/install/_local_setup_util_sh.py'
[63.750s] INFO:colcon.colcon_core.shell:Creating prefix chain script '/home/zsj/WorkSpace/ORB2_SLAM/ORB_SLAM2_ROS2/install/setup.sh'
[63.752s] INFO:colcon.colcon_core.shell:Creating prefix script '/home/zsj/WorkSpace/ORB2_SLAM/ORB_SLAM2_ROS2/install/local_setup.bash'
[63.752s] INFO:colcon.colcon_core.shell:Creating prefix chain script '/home/zsj/WorkSpace/ORB2_SLAM/ORB_SLAM2_ROS2/install/setup.bash'
[63.754s] INFO:colcon.colcon_core.shell:Creating prefix script '/home/zsj/WorkSpace/ORB2_SLAM/ORB_SLAM2_ROS2/install/local_setup.zsh'
[63.755s] INFO:colcon.colcon_core.shell:Creating prefix chain script '/home/zsj/WorkSpace/ORB2_SLAM/ORB_SLAM2_ROS2/install/setup.zsh'
