[0.028s] Invoking command in '/home/zsj/WorkSpace/ORB2_SLAM/ORB_SLAM2_ROS2/build/orb_slam2_stereo': CMAKE_PREFIX_PATH=/opt/ros/humble CONDA_PROMPT_MODIFIER=(base) /usr/bin/cmake --build /home/zsj/WorkSpace/ORB2_SLAM/ORB_SLAM2_ROS2/build/orb_slam2_stereo -- -j18 -l18
[0.096s] [ 11%] Built target DBoW2
[0.124s] [ 62%] Built target g2o
[0.190s] [ 96%] Built target orb_slam2_core
[0.208s] [35m[1mConsolidate compiler generated dependencies of target stereo_node[0m
[0.236s] [100%] Built target stereo_node
[0.249s] Invoked command in '/home/zsj/WorkSpace/ORB2_SLAM/ORB_SLAM2_ROS2/build/orb_slam2_stereo' returned '0': CMAKE_PREFIX_PATH=/opt/ros/humble CONDA_PROMPT_MODIFIER=(base) /usr/bin/cmake --build /home/zsj/WorkSpace/ORB2_SLAM/ORB_SLAM2_ROS2/build/orb_slam2_stereo -- -j18 -l18
[0.265s] Invoking command in '/home/zsj/WorkSpace/ORB2_SLAM/ORB_SLAM2_ROS2/build/orb_slam2_stereo': CMAKE_PREFIX_PATH=/opt/ros/humble CONDA_PROMPT_MODIFIER=(base) /usr/bin/cmake --install /home/zsj/WorkSpace/ORB2_SLAM/ORB_SLAM2_ROS2/build/orb_slam2_stereo
[0.274s] -- Install configuration: "Release"
[0.275s] -- Up-to-date: /home/zsj/WorkSpace/ORB2_SLAM/ORB_SLAM2_ROS2/install/orb_slam2_stereo/lib/orb_slam2_stereo/stereo_node
[0.275s] -- Up-to-date: /home/zsj/WorkSpace/ORB2_SLAM/ORB_SLAM2_ROS2/install/orb_slam2_stereo/share/orb_slam2_stereo/config
[0.275s] -- Up-to-date: /home/zsj/WorkSpace/ORB2_SLAM/ORB_SLAM2_ROS2/install/orb_slam2_stereo/share/orb_slam2_stereo/config/EuRoC.yaml
[0.275s] -- Up-to-date: /home/zsj/WorkSpace/ORB2_SLAM/ORB_SLAM2_ROS2/install/orb_slam2_stereo/share/orb_slam2_stereo/Vocabulary
[0.276s] -- Up-to-date: /home/zsj/WorkSpace/ORB2_SLAM/ORB_SLAM2_ROS2/install/orb_slam2_stereo/share/orb_slam2_stereo/Vocabulary/ORBvoc.txt.tar.gz
[0.276s] -- Up-to-date: /home/zsj/WorkSpace/ORB2_SLAM/ORB_SLAM2_ROS2/install/orb_slam2_stereo/share/ament_index/resource_index/package_run_dependencies/orb_slam2_stereo
[0.276s] -- Up-to-date: /home/zsj/WorkSpace/ORB2_SLAM/ORB_SLAM2_ROS2/install/orb_slam2_stereo/share/ament_index/resource_index/parent_prefix_path/orb_slam2_stereo
[0.276s] -- Up-to-date: /home/zsj/WorkSpace/ORB2_SLAM/ORB_SLAM2_ROS2/install/orb_slam2_stereo/share/orb_slam2_stereo/environment/ament_prefix_path.sh
[0.278s] -- Up-to-date: /home/zsj/WorkSpace/ORB2_SLAM/ORB_SLAM2_ROS2/install/orb_slam2_stereo/share/orb_slam2_stereo/environment/ament_prefix_path.dsv
[0.279s] -- Up-to-date: /home/zsj/WorkSpace/ORB2_SLAM/ORB_SLAM2_ROS2/install/orb_slam2_stereo/share/orb_slam2_stereo/environment/path.sh
[0.279s] -- Up-to-date: /home/zsj/WorkSpace/ORB2_SLAM/ORB_SLAM2_ROS2/install/orb_slam2_stereo/share/orb_slam2_stereo/environment/path.dsv
[0.279s] -- Up-to-date: /home/zsj/WorkSpace/ORB2_SLAM/ORB_SLAM2_ROS2/install/orb_slam2_stereo/share/orb_slam2_stereo/local_setup.bash
[0.279s] -- Up-to-date: /home/zsj/WorkSpace/ORB2_SLAM/ORB_SLAM2_ROS2/install/orb_slam2_stereo/share/orb_slam2_stereo/local_setup.sh
[0.280s] -- Up-to-date: /home/zsj/WorkSpace/ORB2_SLAM/ORB_SLAM2_ROS2/install/orb_slam2_stereo/share/orb_slam2_stereo/local_setup.zsh
[0.280s] -- Up-to-date: /home/zsj/WorkSpace/ORB2_SLAM/ORB_SLAM2_ROS2/install/orb_slam2_stereo/share/orb_slam2_stereo/local_setup.dsv
[0.280s] -- Installing: /home/zsj/WorkSpace/ORB2_SLAM/ORB_SLAM2_ROS2/install/orb_slam2_stereo/share/orb_slam2_stereo/package.dsv
[0.280s] -- Up-to-date: /home/zsj/WorkSpace/ORB2_SLAM/ORB_SLAM2_ROS2/install/orb_slam2_stereo/share/ament_index/resource_index/packages/orb_slam2_stereo
[0.281s] -- Up-to-date: /home/zsj/WorkSpace/ORB2_SLAM/ORB_SLAM2_ROS2/install/orb_slam2_stereo/share/orb_slam2_stereo/cmake/orb_slam2_stereoConfig.cmake
[0.281s] -- Up-to-date: /home/zsj/WorkSpace/ORB2_SLAM/ORB_SLAM2_ROS2/install/orb_slam2_stereo/share/orb_slam2_stereo/cmake/orb_slam2_stereoConfig-version.cmake
[0.281s] -- Up-to-date: /home/zsj/WorkSpace/ORB2_SLAM/ORB_SLAM2_ROS2/install/orb_slam2_stereo/share/orb_slam2_stereo/package.xml
[0.281s] Invoked command in '/home/zsj/WorkSpace/ORB2_SLAM/ORB_SLAM2_ROS2/build/orb_slam2_stereo' returned '0': CMAKE_PREFIX_PATH=/opt/ros/humble CONDA_PROMPT_MODIFIER=(base) /usr/bin/cmake --install /home/zsj/WorkSpace/ORB2_SLAM/ORB_SLAM2_ROS2/build/orb_slam2_stereo
