[0.033s] Invoking command in '/home/zsj/WorkSpace/ORB2_SLAM/ORB_SLAM2_ROS2/build/orb_slam2_stereo': CMAKE_PREFIX_PATH=/opt/ros/humble CONDA_PROMPT_MODIFIER=(base) /usr/bin/cmake --build /home/zsj/WorkSpace/ORB2_SLAM/ORB_SLAM2_ROS2/build/orb_slam2_stereo -- -j18 -l18
[0.116s] [ 11%] Built target DBoW2
[0.139s] [ 62%] Built target g2o
[0.168s] [35m[1mConsolidate compiler generated dependencies of target orb_slam2_core[0m
[0.257s] [ 66%] [32mBuilding CXX object CMakeFiles/orb_slam2_core.dir/src/ORB_SLAM2/LocalMapping.cc.o[0m
[0.257s] [ 66%] [32mBuilding CXX object CMakeFiles/orb_slam2_core.dir/src/ORB_SLAM2/FrameDrawer.cc.o[0m
[0.257s] [ 67%] [32mBuilding CXX object CMakeFiles/orb_slam2_core.dir/src/ORB_SLAM2/Optimizer.cc.o[0m
[0.260s] [ 69%] [32mBuilding CXX object CMakeFiles/orb_slam2_core.dir/src/ORB_SLAM2/Viewer.cc.o[0m
[0.263s] [ 71%] [32mBuilding CXX object CMakeFiles/orb_slam2_core.dir/src/ORB_SLAM2/System.cc.o[0m
[0.263s] [ 72%] [32mBuilding CXX object CMakeFiles/orb_slam2_core.dir/src/ORB_SLAM2/Initializer.cc.o[0m
[0.265s] [ 74%] [32mBuilding CXX object CMakeFiles/orb_slam2_core.dir/src/ORB_SLAM2/Tracking.cc.o[0m
[0.266s] [ 76%] [32mBuilding CXX object CMakeFiles/orb_slam2_core.dir/src/ORB_SLAM2/LoopClosing.cc.o[0m
[75.972s] [ 77%] [32m[1mLinking CXX shared library liborb_slam2_core.so[0m
[77.008s] [ 96%] Built target orb_slam2_core
[77.048s] [ 98%] [32mBuilding CXX object CMakeFiles/stereo_node.dir/ros2_stereo_node.cc.o[0m
[87.803s] [01m[K/home/zsj/WorkSpace/ORB2_SLAM/ORB_SLAM2_ROS2/src/orb_slam_stero/ros2_stereo_node.cc:[m[K In function ‘[01m[Kint main(int, char**)[m[K’:
[87.803s] [01m[K/home/zsj/WorkSpace/ORB2_SLAM/ORB_SLAM2_ROS2/src/orb_slam_stero/ros2_stereo_node.cc:104:100:[m[K [01;31m[Kerror: [m[Kno matching function for call to ‘[01m[Kmessage_filters::Subscriber<sensor_msgs::msg::Image_<std::allocator<void> > >::Subscriber(std::shared_ptr<rclcpp::Node>&, const char [23], int)[m[K’
[87.803s]   104 |     message_filters::Subscriber<sensor_msgs::msg::Image> left_sub(node, "/camera/left/image_raw", 1[01;31m[K)[m[K;
[87.803s]       |                                                                                                    [01;31m[K^[m[K
[87.803s] In file included from [01m[K/home/zsj/WorkSpace/ORB2_SLAM/ORB_SLAM2_ROS2/src/orb_slam_stero/ros2_stereo_node.cc:11[m[K:
[87.803s] [01m[K/opt/ros/humble/include/message_filters/message_filters/subscriber.h:203:3:[m[K [01;36m[Knote: [m[Kcandidate: ‘[01m[Kmessage_filters::Subscriber<M, NodeType>::Subscriber() [with M = sensor_msgs::msg::Image_<std::allocator<void> >; NodeType = rclcpp::Node][m[K’
[87.803s]   203 |   [01;36m[KSubscriber[m[K() = default;
[87.804s]       |   [01;36m[K^~~~~~~~~~[m[K
[87.804s] [01m[K/opt/ros/humble/include/message_filters/message_filters/subscriber.h:203:3:[m[K [01;36m[Knote: [m[K  candidate expects 0 arguments, 3 provided
[87.804s] [01m[K/opt/ros/humble/include/message_filters/message_filters/subscriber.h:191:3:[m[K [01;36m[Knote: [m[Kcandidate: ‘[01m[Kmessage_filters::Subscriber<M, NodeType>::Subscriber(NodeType*, const string&, rmw_qos_profile_t, rclcpp::SubscriptionOptions) [with M = sensor_msgs::msg::Image_<std::allocator<void> >; NodeType = rclcpp::Node; std::string = std::__cxx11::basic_string<char>; rmw_qos_profile_t = rmw_qos_profile_s; rclcpp::SubscriptionOptions = rclcpp::SubscriptionOptionsWithAllocator<std::allocator<void> >][m[K’
[87.804s]   191 |   [01;36m[KSubscriber[m[K(
[87.804s]       |   [01;36m[K^~~~~~~~~~[m[K
[87.804s] [01m[K/opt/ros/humble/include/message_filters/message_filters/subscriber.h:191:3:[m[K [01;36m[Knote: [m[K  candidate expects 4 arguments, 3 provided
[87.804s] [01m[K/opt/ros/humble/include/message_filters/message_filters/subscriber.h:182:3:[m[K [01;36m[Knote: [m[Kcandidate: ‘[01m[Kmessage_filters::Subscriber<M, NodeType>::Subscriber(message_filters::Subscriber<M, NodeType>::NodePtr, const string&, rmw_qos_profile_t, rclcpp::SubscriptionOptions) [with M = sensor_msgs::msg::Image_<std::allocator<void> >; NodeType = rclcpp::Node; message_filters::Subscriber<M, NodeType>::NodePtr = std::shared_ptr<rclcpp::Node>; std::string = std::__cxx11::basic_string<char>; rmw_qos_profile_t = rmw_qos_profile_s; rclcpp::SubscriptionOptions = rclcpp::SubscriptionOptionsWithAllocator<std::allocator<void> >][m[K’
[87.804s]   182 |   [01;36m[KSubscriber[m[K(
[87.804s]       |   [01;36m[K^~~~~~~~~~[m[K
[87.804s] [01m[K/opt/ros/humble/include/message_filters/message_filters/subscriber.h:182:3:[m[K [01;36m[Knote: [m[K  candidate expects 4 arguments, 3 provided
[87.804s] [01m[K/opt/ros/humble/include/message_filters/message_filters/subscriber.h:167:3:[m[K [01;36m[Knote: [m[Kcandidate: ‘[01m[Kmessage_filters::Subscriber<M, NodeType>::Subscriber(NodeType*, const string&, rmw_qos_profile_t) [with M = sensor_msgs::msg::Image_<std::allocator<void> >; NodeType = rclcpp::Node; std::string = std::__cxx11::basic_string<char>; rmw_qos_profile_t = rmw_qos_profile_s][m[K’
[87.804s]   167 |   [01;36m[KSubscriber[m[K(NodeType * node, const std::string& topic, const rmw_qos_profile_t qos = rmw_qos_profile_default)
[87.804s]       |   [01;36m[K^~~~~~~~~~[m[K
[87.804s] [01m[K/opt/ros/humble/include/message_filters/message_filters/subscriber.h:167:25:[m[K [01;36m[Knote: [m[K  no known conversion for argument 1 from ‘[01m[Kstd::shared_ptr<rclcpp::Node>[m[K’ to ‘[01m[Krclcpp::Node*[m[K’
[87.804s]   167 |   Subscriber([01;36m[KNodeType * node[m[K, const std::string& topic, const rmw_qos_profile_t qos = rmw_qos_profile_default)
[87.805s]       |              [01;36m[K~~~~~~~~~~~^~~~[m[K
[87.805s] [01m[K/opt/ros/humble/include/message_filters/message_filters/subscriber.h:162:3:[m[K [01;36m[Knote: [m[Kcandidate: ‘[01m[Kmessage_filters::Subscriber<M, NodeType>::Subscriber(message_filters::Subscriber<M, NodeType>::NodePtr, const string&, rmw_qos_profile_t) [with M = sensor_msgs::msg::Image_<std::allocator<void> >; NodeType = rclcpp::Node; message_filters::Subscriber<M, NodeType>::NodePtr = std::shared_ptr<rclcpp::Node>; std::string = std::__cxx11::basic_string<char>; rmw_qos_profile_t = rmw_qos_profile_s][m[K’
[87.805s]   162 |   [01;36m[KSubscriber[m[K(NodePtr node, const std::string& topic, const rmw_qos_profile_t qos = rmw_qos_profile_default)
[87.805s]       |   [01;36m[K^~~~~~~~~~[m[K
[87.805s] [01m[K/opt/ros/humble/include/message_filters/message_filters/subscriber.h:162:78:[m[K [01;36m[Knote: [m[K  no known conversion for argument 3 from ‘[01m[Kint[m[K’ to ‘[01m[Krmw_qos_profile_t[m[K’ {aka ‘[01m[Krmw_qos_profile_s[m[K’}
[87.805s]   162 |   Subscriber(NodePtr node, const std::string& topic, [01;36m[Kconst rmw_qos_profile_t qos = rmw_qos_profile_default[m[K)
[87.805s]       |                                                      [01;36m[K~~~~~~~~~~~~~~~~~~~~~~~~^~~~~~~~~~~~~~~~~~~~~~~~~~~~~[m[K
[87.805s] [01m[K/home/zsj/WorkSpace/ORB2_SLAM/ORB_SLAM2_ROS2/src/orb_slam_stero/ros2_stereo_node.cc:105:102:[m[K [01;31m[Kerror: [m[Kno matching function for call to ‘[01m[Kmessage_filters::Subscriber<sensor_msgs::msg::Image_<std::allocator<void> > >::Subscriber(std::shared_ptr<rclcpp::Node>&, const char [24], int)[m[K’
[87.805s]   105 |     message_filters::Subscriber<sensor_msgs::msg::Image> right_sub(node, "/camera/right/image_raw", 1[01;31m[K)[m[K;
[87.805s]       |                                                                                                      [01;31m[K^[m[K
[87.805s] In file included from [01m[K/home/zsj/WorkSpace/ORB2_SLAM/ORB_SLAM2_ROS2/src/orb_slam_stero/ros2_stereo_node.cc:11[m[K:
[87.805s] [01m[K/opt/ros/humble/include/message_filters/message_filters/subscriber.h:203:3:[m[K [01;36m[Knote: [m[Kcandidate: ‘[01m[Kmessage_filters::Subscriber<M, NodeType>::Subscriber() [with M = sensor_msgs::msg::Image_<std::allocator<void> >; NodeType = rclcpp::Node][m[K’
[87.805s]   203 |   [01;36m[KSubscriber[m[K() = default;
[87.805s]       |   [01;36m[K^~~~~~~~~~[m[K
[87.805s] [01m[K/opt/ros/humble/include/message_filters/message_filters/subscriber.h:203:3:[m[K [01;36m[Knote: [m[K  candidate expects 0 arguments, 3 provided
[87.805s] [01m[K/opt/ros/humble/include/message_filters/message_filters/subscriber.h:191:3:[m[K [01;36m[Knote: [m[Kcandidate: ‘[01m[Kmessage_filters::Subscriber<M, NodeType>::Subscriber(NodeType*, const string&, rmw_qos_profile_t, rclcpp::SubscriptionOptions) [with M = sensor_msgs::msg::Image_<std::allocator<void> >; NodeType = rclcpp::Node; std::string = std::__cxx11::basic_string<char>; rmw_qos_profile_t = rmw_qos_profile_s; rclcpp::SubscriptionOptions = rclcpp::SubscriptionOptionsWithAllocator<std::allocator<void> >][m[K’
[87.805s]   191 |   [01;36m[KSubscriber[m[K(
[87.805s]       |   [01;36m[K^~~~~~~~~~[m[K
[87.805s] [01m[K/opt/ros/humble/include/message_filters/message_filters/subscriber.h:191:3:[m[K [01;36m[Knote: [m[K  candidate expects 4 arguments, 3 provided
[87.805s] [01m[K/opt/ros/humble/include/message_filters/message_filters/subscriber.h:182:3:[m[K [01;36m[Knote: [m[Kcandidate: ‘[01m[Kmessage_filters::Subscriber<M, NodeType>::Subscriber(message_filters::Subscriber<M, NodeType>::NodePtr, const string&, rmw_qos_profile_t, rclcpp::SubscriptionOptions) [with M = sensor_msgs::msg::Image_<std::allocator<void> >; NodeType = rclcpp::Node; message_filters::Subscriber<M, NodeType>::NodePtr = std::shared_ptr<rclcpp::Node>; std::string = std::__cxx11::basic_string<char>; rmw_qos_profile_t = rmw_qos_profile_s; rclcpp::SubscriptionOptions = rclcpp::SubscriptionOptionsWithAllocator<std::allocator<void> >][m[K’
[87.805s]   182 |   [01;36m[KSubscriber[m[K(
[87.806s]       |   [01;36m[K^~~~~~~~~~[m[K
[87.806s] [01m[K/opt/ros/humble/include/message_filters/message_filters/subscriber.h:182:3:[m[K [01;36m[Knote: [m[K  candidate expects 4 arguments, 3 provided
[87.806s] [01m[K/opt/ros/humble/include/message_filters/message_filters/subscriber.h:167:3:[m[K [01;36m[Knote: [m[Kcandidate: ‘[01m[Kmessage_filters::Subscriber<M, NodeType>::Subscriber(NodeType*, const string&, rmw_qos_profile_t) [with M = sensor_msgs::msg::Image_<std::allocator<void> >; NodeType = rclcpp::Node; std::string = std::__cxx11::basic_string<char>; rmw_qos_profile_t = rmw_qos_profile_s][m[K’
[87.806s]   167 |   [01;36m[KSubscriber[m[K(NodeType * node, const std::string& topic, const rmw_qos_profile_t qos = rmw_qos_profile_default)
[87.806s]       |   [01;36m[K^~~~~~~~~~[m[K
[87.806s] [01m[K/opt/ros/humble/include/message_filters/message_filters/subscriber.h:167:25:[m[K [01;36m[Knote: [m[K  no known conversion for argument 1 from ‘[01m[Kstd::shared_ptr<rclcpp::Node>[m[K’ to ‘[01m[Krclcpp::Node*[m[K’
[87.806s]   167 |   Subscriber([01;36m[KNodeType * node[m[K, const std::string& topic, const rmw_qos_profile_t qos = rmw_qos_profile_default)
[87.806s]       |              [01;36m[K~~~~~~~~~~~^~~~[m[K
[87.806s] [01m[K/opt/ros/humble/include/message_filters/message_filters/subscriber.h:162:3:[m[K [01;36m[Knote: [m[Kcandidate: ‘[01m[Kmessage_filters::Subscriber<M, NodeType>::Subscriber(message_filters::Subscriber<M, NodeType>::NodePtr, const string&, rmw_qos_profile_t) [with M = sensor_msgs::msg::Image_<std::allocator<void> >; NodeType = rclcpp::Node; message_filters::Subscriber<M, NodeType>::NodePtr = std::shared_ptr<rclcpp::Node>; std::string = std::__cxx11::basic_string<char>; rmw_qos_profile_t = rmw_qos_profile_s][m[K’
[87.806s]   162 |   [01;36m[KSubscriber[m[K(NodePtr node, const std::string& topic, const rmw_qos_profile_t qos = rmw_qos_profile_default)
[87.806s]       |   [01;36m[K^~~~~~~~~~[m[K
[87.806s] [01m[K/opt/ros/humble/include/message_filters/message_filters/subscriber.h:162:78:[m[K [01;36m[Knote: [m[K  no known conversion for argument 3 from ‘[01m[Kint[m[K’ to ‘[01m[Krmw_qos_profile_t[m[K’ {aka ‘[01m[Krmw_qos_profile_s[m[K’}
[87.806s]   162 |   Subscriber(NodePtr node, const std::string& topic, [01;36m[Kconst rmw_qos_profile_t qos = rmw_qos_profile_default[m[K)
[87.806s]       |                                                      [01;36m[K~~~~~~~~~~~~~~~~~~~~~~~~^~~~~~~~~~~~~~~~~~~~~~~~~~~~~[m[K
[103.677s] gmake[2]: *** [CMakeFiles/stereo_node.dir/build.make:76: CMakeFiles/stereo_node.dir/ros2_stereo_node.cc.o] Error 1
[103.677s] gmake[1]: *** [CMakeFiles/Makefile2:203: CMakeFiles/stereo_node.dir/all] Error 2
[103.680s] gmake: *** [Makefile:146: all] Error 2
[103.707s] Invoked command in '/home/zsj/WorkSpace/ORB2_SLAM/ORB_SLAM2_ROS2/build/orb_slam2_stereo' returned '2': CMAKE_PREFIX_PATH=/opt/ros/humble CONDA_PROMPT_MODIFIER=(base) /usr/bin/cmake --build /home/zsj/WorkSpace/ORB2_SLAM/ORB_SLAM2_ROS2/build/orb_slam2_stereo -- -j18 -l18
