[0.703s] DEBUG:colcon:Command line arguments: ['/usr/bin/colcon', 'build', '--packages-select', 'orb_slam2_stereo', '--cmake-args', '-DCMAKE_BUILD_TYPE=Release']
[0.703s] DEBUG:colcon:Parsed command line arguments: Namespace(log_base=None, log_level=None, verb_name='build', build_base='build', install_base='install', merge_install=False, symlink_install=False, test_result_base=None, continue_on_error=False, executor='parallel', parallel_workers=18, event_handlers=None, ignore_user_meta=False, metas=['./colcon.meta'], base_paths=['.'], packages_ignore=None, packages_ignore_regex=None, paths=None, packages_up_to=None, packages_up_to_regex=None, packages_above=None, packages_above_and_dependencies=None, packages_above_depth=None, packages_select_by_dep=None, packages_skip_by_dep=None, packages_skip_up_to=None, packages_select_build_failed=False, packages_skip_build_finished=False, packages_select_test_failures=False, packages_skip_test_passed=False, packages_select=['orb_slam2_stereo'], packages_skip=None, packages_select_regex=None, packages_skip_regex=None, packages_start=None, packages_end=None, allow_overriding=[], cmake_args=['-DCMAKE_BUILD_TYPE=Release'], cmake_target=None, cmake_target_skip_unavailable=False, cmake_clean_cache=False, cmake_clean_first=False, cmake_force_configure=False, ament_cmake_args=None, catkin_cmake_args=None, catkin_skip_building_tests=False, verb_parser=<colcon_defaults.argument_parser.defaults.DefaultArgumentsDecorator object at 0x72f846227100>, verb_extension=<colcon_core.verb.build.BuildVerb object at 0x72f8462267d0>, main=<bound method BuildVerb.main of <colcon_core.verb.build.BuildVerb object at 0x72f8462267d0>>)
[0.913s] Level 1:colcon.colcon_core.package_discovery:discover_packages(colcon_meta) check parameters
[0.913s] Level 1:colcon.colcon_core.package_discovery:discover_packages(recursive) check parameters
[0.913s] Level 1:colcon.colcon_core.package_discovery:discover_packages(ignore) check parameters
[0.913s] Level 1:colcon.colcon_core.package_discovery:discover_packages(path) check parameters
[0.913s] Level 1:colcon.colcon_core.package_discovery:discover_packages(colcon_meta) discover
[0.913s] Level 1:colcon.colcon_core.package_discovery:discover_packages(recursive) discover
[0.913s] INFO:colcon.colcon_core.package_discovery:Crawling recursively for packages in '/home/zsj/WorkSpace/ORB2_SLAM/ORB_SLAM2_ROS2'
[0.914s] Level 1:colcon.colcon_core.package_identification:_identify(.) by extensions ['ignore', 'ignore_ament_install']
[0.914s] Level 1:colcon.colcon_core.package_identification:_identify(.) by extension 'ignore'
[0.914s] Level 1:colcon.colcon_core.package_identification:_identify(.) by extension 'ignore_ament_install'
[0.915s] Level 1:colcon.colcon_core.package_identification:_identify(.) by extensions ['colcon_pkg']
[0.915s] Level 1:colcon.colcon_core.package_identification:_identify(.) by extension 'colcon_pkg'
[0.915s] Level 1:colcon.colcon_core.package_identification:_identify(.) by extensions ['colcon_meta']
[0.916s] Level 1:colcon.colcon_core.package_identification:_identify(.) by extension 'colcon_meta'
[0.916s] Level 1:colcon.colcon_core.package_identification:_identify(.) by extensions ['ros']
[0.916s] Level 1:colcon.colcon_core.package_identification:_identify(.) by extension 'ros'
[0.936s] Level 1:colcon.colcon_core.package_identification:_identify(.) by extensions ['cmake', 'python']
[0.936s] Level 1:colcon.colcon_core.package_identification:_identify(.) by extension 'cmake'
[0.936s] Level 1:colcon.colcon_core.package_identification:_identify(.) by extension 'python'
[0.937s] Level 1:colcon.colcon_core.package_identification:_identify(.) by extensions ['python_setup_py']
[0.937s] Level 1:colcon.colcon_core.package_identification:_identify(.) by extension 'python_setup_py'
[0.937s] Level 1:colcon.colcon_core.package_identification:_identify(build) by extensions ['ignore', 'ignore_ament_install']
[0.938s] Level 1:colcon.colcon_core.package_identification:_identify(build) by extension 'ignore'
[0.938s] Level 1:colcon.colcon_core.package_identification:_identify(build) ignored
[0.938s] Level 1:colcon.colcon_core.package_identification:_identify(install) by extensions ['ignore', 'ignore_ament_install']
[0.938s] Level 1:colcon.colcon_core.package_identification:_identify(install) by extension 'ignore'
[0.938s] Level 1:colcon.colcon_core.package_identification:_identify(install) ignored
[0.938s] Level 1:colcon.colcon_core.package_identification:_identify(log) by extensions ['ignore', 'ignore_ament_install']
[0.939s] Level 1:colcon.colcon_core.package_identification:_identify(log) by extension 'ignore'
[0.939s] Level 1:colcon.colcon_core.package_identification:_identify(log) ignored
[0.939s] Level 1:colcon.colcon_core.package_identification:_identify(src) by extensions ['ignore', 'ignore_ament_install']
[0.939s] Level 1:colcon.colcon_core.package_identification:_identify(src) by extension 'ignore'
[0.939s] Level 1:colcon.colcon_core.package_identification:_identify(src) by extension 'ignore_ament_install'
[0.939s] Level 1:colcon.colcon_core.package_identification:_identify(src) by extensions ['colcon_pkg']
[0.939s] Level 1:colcon.colcon_core.package_identification:_identify(src) by extension 'colcon_pkg'
[0.939s] Level 1:colcon.colcon_core.package_identification:_identify(src) by extensions ['colcon_meta']
[0.939s] Level 1:colcon.colcon_core.package_identification:_identify(src) by extension 'colcon_meta'
[0.939s] Level 1:colcon.colcon_core.package_identification:_identify(src) by extensions ['ros']
[0.939s] Level 1:colcon.colcon_core.package_identification:_identify(src) by extension 'ros'
[0.939s] Level 1:colcon.colcon_core.package_identification:_identify(src) by extensions ['cmake', 'python']
[0.939s] Level 1:colcon.colcon_core.package_identification:_identify(src) by extension 'cmake'
[0.939s] Level 1:colcon.colcon_core.package_identification:_identify(src) by extension 'python'
[0.939s] Level 1:colcon.colcon_core.package_identification:_identify(src) by extensions ['python_setup_py']
[0.939s] Level 1:colcon.colcon_core.package_identification:_identify(src) by extension 'python_setup_py'
[0.939s] Level 1:colcon.colcon_core.package_identification:_identify(src/orb_slam_stero) by extensions ['ignore', 'ignore_ament_install']
[0.939s] Level 1:colcon.colcon_core.package_identification:_identify(src/orb_slam_stero) by extension 'ignore'
[0.939s] Level 1:colcon.colcon_core.package_identification:_identify(src/orb_slam_stero) by extension 'ignore_ament_install'
[0.939s] Level 1:colcon.colcon_core.package_identification:_identify(src/orb_slam_stero) by extensions ['colcon_pkg']
[0.940s] Level 1:colcon.colcon_core.package_identification:_identify(src/orb_slam_stero) by extension 'colcon_pkg'
[0.940s] Level 1:colcon.colcon_core.package_identification:_identify(src/orb_slam_stero) by extensions ['colcon_meta']
[0.940s] Level 1:colcon.colcon_core.package_identification:_identify(src/orb_slam_stero) by extension 'colcon_meta'
[0.940s] Level 1:colcon.colcon_core.package_identification:_identify(src/orb_slam_stero) by extensions ['ros']
[0.940s] Level 1:colcon.colcon_core.package_identification:_identify(src/orb_slam_stero) by extension 'ros'
[0.944s] DEBUG:colcon.colcon_core.package_identification:Package 'src/orb_slam_stero' with type 'ros.cmake' and name 'orb_slam2_stereo'
[0.944s] Level 1:colcon.colcon_core.package_discovery:discover_packages(recursive) using defaults
[0.944s] Level 1:colcon.colcon_core.package_discovery:discover_packages(ignore) discover
[0.944s] Level 1:colcon.colcon_core.package_discovery:discover_packages(ignore) using defaults
[0.944s] Level 1:colcon.colcon_core.package_discovery:discover_packages(path) discover
[0.944s] Level 1:colcon.colcon_core.package_discovery:discover_packages(path) using defaults
[0.973s] Level 1:colcon.colcon_core.package_discovery:discover_packages(prefix_path) check parameters
[0.973s] Level 1:colcon.colcon_core.package_discovery:discover_packages(prefix_path) discover
[0.975s] DEBUG:colcon.colcon_installed_package_information.package_discovery:Found 272 installed packages in /opt/ros/humble
[0.978s] Level 1:colcon.colcon_core.package_discovery:discover_packages(prefix_path) using defaults
[1.027s] Level 5:colcon.colcon_core.verb:set package 'orb_slam2_stereo' build argument 'cmake_args' from command line to '['-DCMAKE_BUILD_TYPE=Release']'
[1.027s] Level 5:colcon.colcon_core.verb:set package 'orb_slam2_stereo' build argument 'cmake_target' from command line to 'None'
[1.027s] Level 5:colcon.colcon_core.verb:set package 'orb_slam2_stereo' build argument 'cmake_target_skip_unavailable' from command line to 'False'
[1.027s] Level 5:colcon.colcon_core.verb:set package 'orb_slam2_stereo' build argument 'cmake_clean_cache' from command line to 'False'
[1.027s] Level 5:colcon.colcon_core.verb:set package 'orb_slam2_stereo' build argument 'cmake_clean_first' from command line to 'False'
[1.028s] Level 5:colcon.colcon_core.verb:set package 'orb_slam2_stereo' build argument 'cmake_force_configure' from command line to 'False'
[1.028s] Level 5:colcon.colcon_core.verb:set package 'orb_slam2_stereo' build argument 'ament_cmake_args' from command line to 'None'
[1.028s] Level 5:colcon.colcon_core.verb:set package 'orb_slam2_stereo' build argument 'catkin_cmake_args' from command line to 'None'
[1.029s] Level 5:colcon.colcon_core.verb:set package 'orb_slam2_stereo' build argument 'catkin_skip_building_tests' from command line to 'False'
[1.029s] DEBUG:colcon.colcon_core.verb:Building package 'orb_slam2_stereo' with the following arguments: {'ament_cmake_args': None, 'build_base': '/home/zsj/WorkSpace/ORB2_SLAM/ORB_SLAM2_ROS2/build/orb_slam2_stereo', 'catkin_cmake_args': None, 'catkin_skip_building_tests': False, 'cmake_args': ['-DCMAKE_BUILD_TYPE=Release'], 'cmake_clean_cache': False, 'cmake_clean_first': False, 'cmake_force_configure': False, 'cmake_target': None, 'cmake_target_skip_unavailable': False, 'install_base': '/home/zsj/WorkSpace/ORB2_SLAM/ORB_SLAM2_ROS2/install/orb_slam2_stereo', 'merge_install': False, 'path': '/home/zsj/WorkSpace/ORB2_SLAM/ORB_SLAM2_ROS2/src/orb_slam_stero', 'symlink_install': False, 'test_result_base': None}
[1.029s] INFO:colcon.colcon_core.executor:Executing jobs using 'parallel' executor
[1.031s] DEBUG:colcon.colcon_parallel_executor.executor.parallel:run_until_complete
[1.031s] INFO:colcon.colcon_ros.task.cmake.build:Building ROS package in '/home/zsj/WorkSpace/ORB2_SLAM/ORB_SLAM2_ROS2/src/orb_slam_stero' with build type 'cmake'
[1.031s] INFO:colcon.colcon_cmake.task.cmake.build:Building CMake package in '/home/zsj/WorkSpace/ORB2_SLAM/ORB_SLAM2_ROS2/src/orb_slam_stero'
[1.034s] INFO:colcon.colcon_core.plugin_system:Skipping extension 'colcon_core.shell.bat': Not used on non-Windows systems
[1.035s] INFO:colcon.colcon_core.shell:Skip shell extension 'powershell' for command environment: Not usable outside of PowerShell
[1.035s] DEBUG:colcon.colcon_core.shell:Skip shell extension 'dsv' for command environment
[1.050s] DEBUG:colcon.colcon_core.event_handler.log_command:Invoking command in '/home/zsj/WorkSpace/ORB2_SLAM/ORB_SLAM2_ROS2/build/orb_slam2_stereo': CMAKE_PREFIX_PATH=/opt/ros/humble CONDA_PROMPT_MODIFIER=(base) /usr/bin/cmake --build /home/zsj/WorkSpace/ORB2_SLAM/ORB_SLAM2_ROS2/build/orb_slam2_stereo -- -j18 -l18
[55.119s] DEBUG:colcon.colcon_core.event_handler.log_command:Invoked command in '/home/zsj/WorkSpace/ORB2_SLAM/ORB_SLAM2_ROS2/build/orb_slam2_stereo' returned '2': CMAKE_PREFIX_PATH=/opt/ros/humble CONDA_PROMPT_MODIFIER=(base) /usr/bin/cmake --build /home/zsj/WorkSpace/ORB2_SLAM/ORB_SLAM2_ROS2/build/orb_slam2_stereo -- -j18 -l18
[55.120s] Level 1:colcon.colcon_core.shell:create_environment_hook('orb_slam2_stereo', 'pkg_config_path')
[55.121s] INFO:colcon.colcon_core.shell:Creating environment hook '/home/zsj/WorkSpace/ORB2_SLAM/ORB_SLAM2_ROS2/install/orb_slam2_stereo/share/orb_slam2_stereo/hook/pkg_config_path.ps1'
[55.123s] INFO:colcon.colcon_core.shell:Creating environment descriptor '/home/zsj/WorkSpace/ORB2_SLAM/ORB_SLAM2_ROS2/install/orb_slam2_stereo/share/orb_slam2_stereo/hook/pkg_config_path.dsv'
[55.124s] INFO:colcon.colcon_core.shell:Creating environment hook '/home/zsj/WorkSpace/ORB2_SLAM/ORB_SLAM2_ROS2/install/orb_slam2_stereo/share/orb_slam2_stereo/hook/pkg_config_path.sh'
[55.130s] Level 1:colcon.colcon_core.shell:create_environment_hook('orb_slam2_stereo', 'pkg_config_path_multiarch')
[55.131s] INFO:colcon.colcon_core.shell:Creating environment hook '/home/zsj/WorkSpace/ORB2_SLAM/ORB_SLAM2_ROS2/install/orb_slam2_stereo/share/orb_slam2_stereo/hook/pkg_config_path_multiarch.ps1'
[55.132s] INFO:colcon.colcon_core.shell:Creating environment descriptor '/home/zsj/WorkSpace/ORB2_SLAM/ORB_SLAM2_ROS2/install/orb_slam2_stereo/share/orb_slam2_stereo/hook/pkg_config_path_multiarch.dsv'
[55.133s] INFO:colcon.colcon_core.shell:Creating environment hook '/home/zsj/WorkSpace/ORB2_SLAM/ORB_SLAM2_ROS2/install/orb_slam2_stereo/share/orb_slam2_stereo/hook/pkg_config_path_multiarch.sh'
[55.134s] Level 1:colcon.colcon_core.environment:create_environment_scripts_only(orb_slam2_stereo)
[55.137s] Level 1:colcon.colcon_core.environment:checking '/home/zsj/WorkSpace/ORB2_SLAM/ORB_SLAM2_ROS2/install/orb_slam2_stereo' for CMake module files
[55.137s] Level 1:colcon.colcon_core.environment:checking '/home/zsj/WorkSpace/ORB2_SLAM/ORB_SLAM2_ROS2/install/orb_slam2_stereo' for CMake config files
[55.138s] Level 1:colcon.colcon_core.environment:checking '/home/zsj/WorkSpace/ORB2_SLAM/ORB_SLAM2_ROS2/install/orb_slam2_stereo/bin'
[55.138s] Level 1:colcon.colcon_core.environment:checking '/home/zsj/WorkSpace/ORB2_SLAM/ORB_SLAM2_ROS2/install/orb_slam2_stereo/lib/pkgconfig/orb_slam2_stereo.pc'
[55.138s] Level 1:colcon.colcon_core.environment:checking '/home/zsj/WorkSpace/ORB2_SLAM/ORB_SLAM2_ROS2/install/orb_slam2_stereo/lib/python3.10/site-packages'
[55.139s] Level 1:colcon.colcon_core.environment:checking '/home/zsj/WorkSpace/ORB2_SLAM/ORB_SLAM2_ROS2/install/orb_slam2_stereo/bin'
[55.139s] INFO:colcon.colcon_core.shell:Creating package script '/home/zsj/WorkSpace/ORB2_SLAM/ORB_SLAM2_ROS2/install/orb_slam2_stereo/share/orb_slam2_stereo/package.ps1'
[55.140s] INFO:colcon.colcon_core.shell:Creating package descriptor '/home/zsj/WorkSpace/ORB2_SLAM/ORB_SLAM2_ROS2/install/orb_slam2_stereo/share/orb_slam2_stereo/package.dsv'
[55.141s] INFO:colcon.colcon_core.shell:Creating package script '/home/zsj/WorkSpace/ORB2_SLAM/ORB_SLAM2_ROS2/install/orb_slam2_stereo/share/orb_slam2_stereo/package.sh'
[55.142s] INFO:colcon.colcon_core.shell:Creating package script '/home/zsj/WorkSpace/ORB2_SLAM/ORB_SLAM2_ROS2/install/orb_slam2_stereo/share/orb_slam2_stereo/package.bash'
[55.143s] INFO:colcon.colcon_core.shell:Creating package script '/home/zsj/WorkSpace/ORB2_SLAM/ORB_SLAM2_ROS2/install/orb_slam2_stereo/share/orb_slam2_stereo/package.zsh'
[55.145s] Level 1:colcon.colcon_core.environment:create_file_with_runtime_dependencies(/home/zsj/WorkSpace/ORB2_SLAM/ORB_SLAM2_ROS2/install/orb_slam2_stereo/share/colcon-core/packages/orb_slam2_stereo)
[55.157s] DEBUG:colcon.colcon_parallel_executor.executor.parallel:closing loop
[55.157s] DEBUG:colcon.colcon_parallel_executor.executor.parallel:loop closed
[55.157s] DEBUG:colcon.colcon_parallel_executor.executor.parallel:run_until_complete finished with '2'
[55.157s] DEBUG:colcon.colcon_core.event_reactor:joining thread
[55.430s] INFO:colcon.colcon_core.plugin_system:Skipping extension 'colcon_notification.desktop_notification.notify_send': Could not find 'notify-send'
[55.431s] INFO:colcon.colcon_core.plugin_system:Skipping extension 'colcon_notification.desktop_notification.terminal_notifier': Not used on non-Darwin systems
[55.431s] INFO:colcon.colcon_core.plugin_system:Skipping extension 'colcon_notification.desktop_notification.win32': Not used on non-Windows systems
[55.431s] INFO:colcon.colcon_notification.desktop_notification:Sending desktop notification using 'notify2'
[55.431s] DEBUG:colcon.colcon_notification.desktop_notification.notify2:Failed to initialize notify2: org.freedesktop.DBus.Error.FileNotFound: Failed to connect to socket /run/user/1000/bus: No such file or directory
[55.432s] DEBUG:colcon.colcon_core.event_reactor:joined thread
[55.432s] INFO:colcon.colcon_core.shell:Creating prefix script '/home/zsj/WorkSpace/ORB2_SLAM/ORB_SLAM2_ROS2/install/local_setup.ps1'
[55.435s] INFO:colcon.colcon_core.shell:Creating prefix util module '/home/zsj/WorkSpace/ORB2_SLAM/ORB_SLAM2_ROS2/install/_local_setup_util_ps1.py'
[55.437s] INFO:colcon.colcon_core.shell:Creating prefix chain script '/home/zsj/WorkSpace/ORB2_SLAM/ORB_SLAM2_ROS2/install/setup.ps1'
[55.439s] INFO:colcon.colcon_core.shell:Creating prefix script '/home/zsj/WorkSpace/ORB2_SLAM/ORB_SLAM2_ROS2/install/local_setup.sh'
[55.440s] INFO:colcon.colcon_core.shell:Creating prefix util module '/home/zsj/WorkSpace/ORB2_SLAM/ORB_SLAM2_ROS2/install/_local_setup_util_sh.py'
[55.441s] INFO:colcon.colcon_core.shell:Creating prefix chain script '/home/zsj/WorkSpace/ORB2_SLAM/ORB_SLAM2_ROS2/install/setup.sh'
[55.443s] INFO:colcon.colcon_core.shell:Creating prefix script '/home/zsj/WorkSpace/ORB2_SLAM/ORB_SLAM2_ROS2/install/local_setup.bash'
[55.444s] INFO:colcon.colcon_core.shell:Creating prefix chain script '/home/zsj/WorkSpace/ORB2_SLAM/ORB_SLAM2_ROS2/install/setup.bash'
[55.446s] INFO:colcon.colcon_core.shell:Creating prefix script '/home/zsj/WorkSpace/ORB2_SLAM/ORB_SLAM2_ROS2/install/local_setup.zsh'
[55.447s] INFO:colcon.colcon_core.shell:Creating prefix chain script '/home/zsj/WorkSpace/ORB2_SLAM/ORB_SLAM2_ROS2/install/setup.zsh'
