[0.693s] DEBUG:colcon:Command line arguments: ['/usr/bin/colcon', 'build', '--packages-select', 'orb_slam2_ros2']
[0.694s] DEBUG:colcon:Parsed command line arguments: Namespace(log_base=None, log_level=None, verb_name='build', build_base='build', install_base='install', merge_install=False, symlink_install=False, test_result_base=None, continue_on_error=False, executor='parallel', parallel_workers=18, event_handlers=None, ignore_user_meta=False, metas=['./colcon.meta'], base_paths=['.'], packages_ignore=None, packages_ignore_regex=None, paths=None, packages_up_to=None, packages_up_to_regex=None, packages_above=None, packages_above_and_dependencies=None, packages_above_depth=None, packages_select_by_dep=None, packages_skip_by_dep=None, packages_skip_up_to=None, packages_select_build_failed=False, packages_skip_build_finished=False, packages_select_test_failures=False, packages_skip_test_passed=False, packages_select=['orb_slam2_ros2'], packages_skip=None, packages_select_regex=None, packages_skip_regex=None, packages_start=None, packages_end=None, allow_overriding=[], cmake_args=None, cmake_target=None, cmake_target_skip_unavailable=False, cmake_clean_cache=False, cmake_clean_first=False, cmake_force_configure=False, ament_cmake_args=None, catkin_cmake_args=None, catkin_skip_building_tests=False, verb_parser=<colcon_defaults.argument_parser.defaults.DefaultArgumentsDecorator object at 0x7e19708ab130>, verb_extension=<colcon_core.verb.build.BuildVerb object at 0x7e19708aa800>, main=<bound method BuildVerb.main of <colcon_core.verb.build.BuildVerb object at 0x7e19708aa800>>)
[0.860s] Level 1:colcon.colcon_core.package_discovery:discover_packages(colcon_meta) check parameters
[0.861s] Level 1:colcon.colcon_core.package_discovery:discover_packages(recursive) check parameters
[0.861s] Level 1:colcon.colcon_core.package_discovery:discover_packages(ignore) check parameters
[0.861s] Level 1:colcon.colcon_core.package_discovery:discover_packages(path) check parameters
[0.861s] Level 1:colcon.colcon_core.package_discovery:discover_packages(colcon_meta) discover
[0.861s] Level 1:colcon.colcon_core.package_discovery:discover_packages(recursive) discover
[0.861s] INFO:colcon.colcon_core.package_discovery:Crawling recursively for packages in '/home/zsj/WorkSpace/ORB2_SLAM/ORB_SLAM2_ROS2'
[0.862s] Level 1:colcon.colcon_core.package_identification:_identify(.) by extensions ['ignore', 'ignore_ament_install']
[0.862s] Level 1:colcon.colcon_core.package_identification:_identify(.) by extension 'ignore'
[0.862s] Level 1:colcon.colcon_core.package_identification:_identify(.) by extension 'ignore_ament_install'
[0.862s] Level 1:colcon.colcon_core.package_identification:_identify(.) by extensions ['colcon_pkg']
[0.862s] Level 1:colcon.colcon_core.package_identification:_identify(.) by extension 'colcon_pkg'
[0.862s] Level 1:colcon.colcon_core.package_identification:_identify(.) by extensions ['colcon_meta']
[0.862s] Level 1:colcon.colcon_core.package_identification:_identify(.) by extension 'colcon_meta'
[0.862s] Level 1:colcon.colcon_core.package_identification:_identify(.) by extensions ['ros']
[0.862s] Level 1:colcon.colcon_core.package_identification:_identify(.) by extension 'ros'
[0.873s] Level 1:colcon.colcon_core.package_identification:_identify(.) by extensions ['cmake', 'python']
[0.874s] Level 1:colcon.colcon_core.package_identification:_identify(.) by extension 'cmake'
[0.874s] Level 1:colcon.colcon_core.package_identification:_identify(.) by extension 'python'
[0.874s] Level 1:colcon.colcon_core.package_identification:_identify(.) by extensions ['python_setup_py']
[0.874s] Level 1:colcon.colcon_core.package_identification:_identify(.) by extension 'python_setup_py'
[0.874s] Level 1:colcon.colcon_core.package_identification:_identify(build) by extensions ['ignore', 'ignore_ament_install']
[0.874s] Level 1:colcon.colcon_core.package_identification:_identify(build) by extension 'ignore'
[0.874s] Level 1:colcon.colcon_core.package_identification:_identify(build) ignored
[0.874s] Level 1:colcon.colcon_core.package_identification:_identify(install) by extensions ['ignore', 'ignore_ament_install']
[0.874s] Level 1:colcon.colcon_core.package_identification:_identify(install) by extension 'ignore'
[0.874s] Level 1:colcon.colcon_core.package_identification:_identify(install) ignored
[0.875s] Level 1:colcon.colcon_core.package_identification:_identify(log) by extensions ['ignore', 'ignore_ament_install']
[0.875s] Level 1:colcon.colcon_core.package_identification:_identify(log) by extension 'ignore'
[0.875s] Level 1:colcon.colcon_core.package_identification:_identify(log) ignored
[0.875s] Level 1:colcon.colcon_core.package_identification:_identify(src) by extensions ['ignore', 'ignore_ament_install']
[0.875s] Level 1:colcon.colcon_core.package_identification:_identify(src) by extension 'ignore'
[0.875s] Level 1:colcon.colcon_core.package_identification:_identify(src) by extension 'ignore_ament_install'
[0.875s] Level 1:colcon.colcon_core.package_identification:_identify(src) by extensions ['colcon_pkg']
[0.875s] Level 1:colcon.colcon_core.package_identification:_identify(src) by extension 'colcon_pkg'
[0.875s] Level 1:colcon.colcon_core.package_identification:_identify(src) by extensions ['colcon_meta']
[0.875s] Level 1:colcon.colcon_core.package_identification:_identify(src) by extension 'colcon_meta'
[0.875s] Level 1:colcon.colcon_core.package_identification:_identify(src) by extensions ['ros']
[0.875s] Level 1:colcon.colcon_core.package_identification:_identify(src) by extension 'ros'
[0.875s] Level 1:colcon.colcon_core.package_identification:_identify(src) by extensions ['cmake', 'python']
[0.875s] Level 1:colcon.colcon_core.package_identification:_identify(src) by extension 'cmake'
[0.875s] Level 1:colcon.colcon_core.package_identification:_identify(src) by extension 'python'
[0.875s] Level 1:colcon.colcon_core.package_identification:_identify(src) by extensions ['python_setup_py']
[0.875s] Level 1:colcon.colcon_core.package_identification:_identify(src) by extension 'python_setup_py'
[0.876s] Level 1:colcon.colcon_core.package_identification:_identify(src/orb_slam2_ros2) by extensions ['ignore', 'ignore_ament_install']
[0.876s] Level 1:colcon.colcon_core.package_identification:_identify(src/orb_slam2_ros2) by extension 'ignore'
[0.876s] Level 1:colcon.colcon_core.package_identification:_identify(src/orb_slam2_ros2) by extension 'ignore_ament_install'
[0.876s] Level 1:colcon.colcon_core.package_identification:_identify(src/orb_slam2_ros2) by extensions ['colcon_pkg']
[0.876s] Level 1:colcon.colcon_core.package_identification:_identify(src/orb_slam2_ros2) by extension 'colcon_pkg'
[0.876s] Level 1:colcon.colcon_core.package_identification:_identify(src/orb_slam2_ros2) by extensions ['colcon_meta']
[0.876s] Level 1:colcon.colcon_core.package_identification:_identify(src/orb_slam2_ros2) by extension 'colcon_meta'
[0.876s] Level 1:colcon.colcon_core.package_identification:_identify(src/orb_slam2_ros2) by extensions ['ros']
[0.876s] Level 1:colcon.colcon_core.package_identification:_identify(src/orb_slam2_ros2) by extension 'ros'
[0.879s] DEBUG:colcon.colcon_core.package_identification:Package 'src/orb_slam2_ros2' with type 'ros.ament_cmake' and name 'orb_slam2_ros2'
[0.879s] Level 1:colcon.colcon_core.package_identification:_identify(src/orb_slam_stereo) by extensions ['ignore', 'ignore_ament_install']
[0.879s] Level 1:colcon.colcon_core.package_identification:_identify(src/orb_slam_stereo) by extension 'ignore'
[0.879s] Level 1:colcon.colcon_core.package_identification:_identify(src/orb_slam_stereo) by extension 'ignore_ament_install'
[0.879s] Level 1:colcon.colcon_core.package_identification:_identify(src/orb_slam_stereo) by extensions ['colcon_pkg']
[0.879s] Level 1:colcon.colcon_core.package_identification:_identify(src/orb_slam_stereo) by extension 'colcon_pkg'
[0.879s] Level 1:colcon.colcon_core.package_identification:_identify(src/orb_slam_stereo) by extensions ['colcon_meta']
[0.879s] Level 1:colcon.colcon_core.package_identification:_identify(src/orb_slam_stereo) by extension 'colcon_meta'
[0.880s] Level 1:colcon.colcon_core.package_identification:_identify(src/orb_slam_stereo) by extensions ['ros']
[0.880s] Level 1:colcon.colcon_core.package_identification:_identify(src/orb_slam_stereo) by extension 'ros'
[0.881s] DEBUG:colcon.colcon_core.package_identification:Package 'src/orb_slam_stereo' with type 'ros.cmake' and name 'orb_slam2_stereo'
[0.881s] Level 1:colcon.colcon_core.package_discovery:discover_packages(recursive) using defaults
[0.881s] Level 1:colcon.colcon_core.package_discovery:discover_packages(ignore) discover
[0.881s] Level 1:colcon.colcon_core.package_discovery:discover_packages(ignore) using defaults
[0.881s] Level 1:colcon.colcon_core.package_discovery:discover_packages(path) discover
[0.882s] Level 1:colcon.colcon_core.package_discovery:discover_packages(path) using defaults
[0.905s] INFO:colcon.colcon_core.package_selection:Skipping not selected package 'orb_slam2_stereo' in 'src/orb_slam_stereo'
[0.905s] Level 1:colcon.colcon_core.package_discovery:discover_packages(prefix_path) check parameters
[0.906s] Level 1:colcon.colcon_core.package_discovery:discover_packages(prefix_path) discover
[0.907s] WARNING:colcon.colcon_ros.prefix_path.catkin:The path '/home/zsj/WorkSpace/ORB2_SLAM/ORB_SLAM2_ROS2/install/orb_slam2_stereo' in the environment variable CMAKE_PREFIX_PATH doesn't exist
[0.907s] DEBUG:colcon.colcon_installed_package_information.package_discovery:Found 1 installed packages in /home/zsj/WorkSpace/ORB2_SLAM/ORB_SLAM2_ROS2/install
[0.908s] DEBUG:colcon.colcon_installed_package_information.package_discovery:Found 272 installed packages in /opt/ros/humble
[0.912s] Level 1:colcon.colcon_core.package_discovery:discover_packages(prefix_path) using defaults
[0.966s] Level 5:colcon.colcon_core.verb:set package 'orb_slam2_ros2' build argument 'cmake_args' from command line to 'None'
[0.966s] Level 5:colcon.colcon_core.verb:set package 'orb_slam2_ros2' build argument 'cmake_target' from command line to 'None'
[0.966s] Level 5:colcon.colcon_core.verb:set package 'orb_slam2_ros2' build argument 'cmake_target_skip_unavailable' from command line to 'False'
[0.966s] Level 5:colcon.colcon_core.verb:set package 'orb_slam2_ros2' build argument 'cmake_clean_cache' from command line to 'False'
[0.966s] Level 5:colcon.colcon_core.verb:set package 'orb_slam2_ros2' build argument 'cmake_clean_first' from command line to 'False'
[0.966s] Level 5:colcon.colcon_core.verb:set package 'orb_slam2_ros2' build argument 'cmake_force_configure' from command line to 'False'
[0.966s] Level 5:colcon.colcon_core.verb:set package 'orb_slam2_ros2' build argument 'ament_cmake_args' from command line to 'None'
[0.966s] Level 5:colcon.colcon_core.verb:set package 'orb_slam2_ros2' build argument 'catkin_cmake_args' from command line to 'None'
[0.966s] Level 5:colcon.colcon_core.verb:set package 'orb_slam2_ros2' build argument 'catkin_skip_building_tests' from command line to 'False'
[0.966s] DEBUG:colcon.colcon_core.verb:Building package 'orb_slam2_ros2' with the following arguments: {'ament_cmake_args': None, 'build_base': '/home/zsj/WorkSpace/ORB2_SLAM/ORB_SLAM2_ROS2/build/orb_slam2_ros2', 'catkin_cmake_args': None, 'catkin_skip_building_tests': False, 'cmake_args': None, 'cmake_clean_cache': False, 'cmake_clean_first': False, 'cmake_force_configure': False, 'cmake_target': None, 'cmake_target_skip_unavailable': False, 'install_base': '/home/zsj/WorkSpace/ORB2_SLAM/ORB_SLAM2_ROS2/install/orb_slam2_ros2', 'merge_install': False, 'path': '/home/zsj/WorkSpace/ORB2_SLAM/ORB_SLAM2_ROS2/src/orb_slam2_ros2', 'symlink_install': False, 'test_result_base': None}
[0.966s] INFO:colcon.colcon_core.executor:Executing jobs using 'parallel' executor
[0.968s] DEBUG:colcon.colcon_parallel_executor.executor.parallel:run_until_complete
[0.969s] INFO:colcon.colcon_ros.task.ament_cmake.build:Building ROS package in '/home/zsj/WorkSpace/ORB2_SLAM/ORB_SLAM2_ROS2/src/orb_slam2_ros2' with build type 'ament_cmake'
[0.969s] INFO:colcon.colcon_cmake.task.cmake.build:Building CMake package in '/home/zsj/WorkSpace/ORB2_SLAM/ORB_SLAM2_ROS2/src/orb_slam2_ros2'
[0.971s] INFO:colcon.colcon_core.plugin_system:Skipping extension 'colcon_core.shell.bat': Not used on non-Windows systems
[0.972s] INFO:colcon.colcon_core.shell:Skip shell extension 'powershell' for command environment: Not usable outside of PowerShell
[0.972s] DEBUG:colcon.colcon_core.shell:Skip shell extension 'dsv' for command environment
[0.991s] DEBUG:colcon.colcon_core.event_handler.log_command:Invoking command in '/home/zsj/WorkSpace/ORB2_SLAM/ORB_SLAM2_ROS2/build/orb_slam2_ros2': CMAKE_PREFIX_PATH=${CMAKE_PREFIX_PATH}:/opt/ros/humble CONDA_PROMPT_MODIFIER=(base) /usr/bin/cmake --build /home/zsj/WorkSpace/ORB2_SLAM/ORB_SLAM2_ROS2/build/orb_slam2_ros2 -- -j18 -l18
[187.782s] DEBUG:colcon.colcon_core.event_handler.log_command:Invoked command in '/home/zsj/WorkSpace/ORB2_SLAM/ORB_SLAM2_ROS2/build/orb_slam2_ros2' returned '0': CMAKE_PREFIX_PATH=${CMAKE_PREFIX_PATH}:/opt/ros/humble CONDA_PROMPT_MODIFIER=(base) /usr/bin/cmake --build /home/zsj/WorkSpace/ORB2_SLAM/ORB_SLAM2_ROS2/build/orb_slam2_ros2 -- -j18 -l18
[187.798s] DEBUG:colcon.colcon_core.event_handler.log_command:Invoking command in '/home/zsj/WorkSpace/ORB2_SLAM/ORB_SLAM2_ROS2/build/orb_slam2_ros2': CMAKE_PREFIX_PATH=${CMAKE_PREFIX_PATH}:/opt/ros/humble CONDA_PROMPT_MODIFIER=(base) /usr/bin/cmake --install /home/zsj/WorkSpace/ORB2_SLAM/ORB_SLAM2_ROS2/build/orb_slam2_ros2
[187.826s] Level 1:colcon.colcon_core.environment:create_environment_scripts_only(orb_slam2_ros2)
[187.828s] DEBUG:colcon.colcon_core.event_handler.log_command:Invoked command in '/home/zsj/WorkSpace/ORB2_SLAM/ORB_SLAM2_ROS2/build/orb_slam2_ros2' returned '0': CMAKE_PREFIX_PATH=${CMAKE_PREFIX_PATH}:/opt/ros/humble CONDA_PROMPT_MODIFIER=(base) /usr/bin/cmake --install /home/zsj/WorkSpace/ORB2_SLAM/ORB_SLAM2_ROS2/build/orb_slam2_ros2
[187.830s] Level 1:colcon.colcon_core.environment:checking '/home/zsj/WorkSpace/ORB2_SLAM/ORB_SLAM2_ROS2/install/orb_slam2_ros2' for CMake module files
[187.831s] Level 1:colcon.colcon_core.environment:checking '/home/zsj/WorkSpace/ORB2_SLAM/ORB_SLAM2_ROS2/install/orb_slam2_ros2' for CMake config files
[187.831s] Level 1:colcon.colcon_core.shell:create_environment_hook('orb_slam2_ros2', 'cmake_prefix_path')
[187.832s] INFO:colcon.colcon_core.shell:Creating environment hook '/home/zsj/WorkSpace/ORB2_SLAM/ORB_SLAM2_ROS2/install/orb_slam2_ros2/share/orb_slam2_ros2/hook/cmake_prefix_path.ps1'
[187.834s] INFO:colcon.colcon_core.shell:Creating environment descriptor '/home/zsj/WorkSpace/ORB2_SLAM/ORB_SLAM2_ROS2/install/orb_slam2_ros2/share/orb_slam2_ros2/hook/cmake_prefix_path.dsv'
[187.835s] INFO:colcon.colcon_core.shell:Creating environment hook '/home/zsj/WorkSpace/ORB2_SLAM/ORB_SLAM2_ROS2/install/orb_slam2_ros2/share/orb_slam2_ros2/hook/cmake_prefix_path.sh'
[187.837s] Level 1:colcon.colcon_core.environment:checking '/home/zsj/WorkSpace/ORB2_SLAM/ORB_SLAM2_ROS2/install/orb_slam2_ros2/lib'
[187.837s] Level 1:colcon.colcon_core.environment:checking '/home/zsj/WorkSpace/ORB2_SLAM/ORB_SLAM2_ROS2/install/orb_slam2_ros2/bin'
[187.837s] Level 1:colcon.colcon_core.environment:checking '/home/zsj/WorkSpace/ORB2_SLAM/ORB_SLAM2_ROS2/install/orb_slam2_ros2/lib/pkgconfig/orb_slam2_ros2.pc'
[187.838s] Level 1:colcon.colcon_core.environment:checking '/home/zsj/WorkSpace/ORB2_SLAM/ORB_SLAM2_ROS2/install/orb_slam2_ros2/lib/python3.10/site-packages'
[187.838s] Level 1:colcon.colcon_core.environment:checking '/home/zsj/WorkSpace/ORB2_SLAM/ORB_SLAM2_ROS2/install/orb_slam2_ros2/bin'
[187.838s] INFO:colcon.colcon_core.shell:Creating package script '/home/zsj/WorkSpace/ORB2_SLAM/ORB_SLAM2_ROS2/install/orb_slam2_ros2/share/orb_slam2_ros2/package.ps1'
[187.839s] INFO:colcon.colcon_core.shell:Creating package descriptor '/home/zsj/WorkSpace/ORB2_SLAM/ORB_SLAM2_ROS2/install/orb_slam2_ros2/share/orb_slam2_ros2/package.dsv'
[187.840s] INFO:colcon.colcon_core.shell:Creating package script '/home/zsj/WorkSpace/ORB2_SLAM/ORB_SLAM2_ROS2/install/orb_slam2_ros2/share/orb_slam2_ros2/package.sh'
[187.840s] INFO:colcon.colcon_core.shell:Creating package script '/home/zsj/WorkSpace/ORB2_SLAM/ORB_SLAM2_ROS2/install/orb_slam2_ros2/share/orb_slam2_ros2/package.bash'
[187.841s] INFO:colcon.colcon_core.shell:Creating package script '/home/zsj/WorkSpace/ORB2_SLAM/ORB_SLAM2_ROS2/install/orb_slam2_ros2/share/orb_slam2_ros2/package.zsh'
[187.842s] Level 1:colcon.colcon_core.environment:create_file_with_runtime_dependencies(/home/zsj/WorkSpace/ORB2_SLAM/ORB_SLAM2_ROS2/install/orb_slam2_ros2/share/colcon-core/packages/orb_slam2_ros2)
[187.843s] Level 1:colcon.colcon_core.environment:create_environment_scripts_only(orb_slam2_ros2)
[187.843s] Level 1:colcon.colcon_core.environment:checking '/home/zsj/WorkSpace/ORB2_SLAM/ORB_SLAM2_ROS2/install/orb_slam2_ros2' for CMake module files
[187.844s] Level 1:colcon.colcon_core.environment:checking '/home/zsj/WorkSpace/ORB2_SLAM/ORB_SLAM2_ROS2/install/orb_slam2_ros2' for CMake config files
[187.844s] Level 1:colcon.colcon_core.shell:create_environment_hook('orb_slam2_ros2', 'cmake_prefix_path')
[187.844s] INFO:colcon.colcon_core.shell:Creating environment hook '/home/zsj/WorkSpace/ORB2_SLAM/ORB_SLAM2_ROS2/install/orb_slam2_ros2/share/orb_slam2_ros2/hook/cmake_prefix_path.ps1'
[187.845s] INFO:colcon.colcon_core.shell:Creating environment descriptor '/home/zsj/WorkSpace/ORB2_SLAM/ORB_SLAM2_ROS2/install/orb_slam2_ros2/share/orb_slam2_ros2/hook/cmake_prefix_path.dsv'
[187.845s] INFO:colcon.colcon_core.shell:Creating environment hook '/home/zsj/WorkSpace/ORB2_SLAM/ORB_SLAM2_ROS2/install/orb_slam2_ros2/share/orb_slam2_ros2/hook/cmake_prefix_path.sh'
[187.846s] Level 1:colcon.colcon_core.environment:checking '/home/zsj/WorkSpace/ORB2_SLAM/ORB_SLAM2_ROS2/install/orb_slam2_ros2/lib'
[187.846s] Level 1:colcon.colcon_core.environment:checking '/home/zsj/WorkSpace/ORB2_SLAM/ORB_SLAM2_ROS2/install/orb_slam2_ros2/bin'
[187.846s] Level 1:colcon.colcon_core.environment:checking '/home/zsj/WorkSpace/ORB2_SLAM/ORB_SLAM2_ROS2/install/orb_slam2_ros2/lib/pkgconfig/orb_slam2_ros2.pc'
[187.846s] Level 1:colcon.colcon_core.environment:checking '/home/zsj/WorkSpace/ORB2_SLAM/ORB_SLAM2_ROS2/install/orb_slam2_ros2/lib/python3.10/site-packages'
[187.846s] Level 1:colcon.colcon_core.environment:checking '/home/zsj/WorkSpace/ORB2_SLAM/ORB_SLAM2_ROS2/install/orb_slam2_ros2/bin'
[187.847s] INFO:colcon.colcon_core.shell:Creating package script '/home/zsj/WorkSpace/ORB2_SLAM/ORB_SLAM2_ROS2/install/orb_slam2_ros2/share/orb_slam2_ros2/package.ps1'
[187.847s] INFO:colcon.colcon_core.shell:Creating package descriptor '/home/zsj/WorkSpace/ORB2_SLAM/ORB_SLAM2_ROS2/install/orb_slam2_ros2/share/orb_slam2_ros2/package.dsv'
[187.848s] INFO:colcon.colcon_core.shell:Creating package script '/home/zsj/WorkSpace/ORB2_SLAM/ORB_SLAM2_ROS2/install/orb_slam2_ros2/share/orb_slam2_ros2/package.sh'
[187.848s] INFO:colcon.colcon_core.shell:Creating package script '/home/zsj/WorkSpace/ORB2_SLAM/ORB_SLAM2_ROS2/install/orb_slam2_ros2/share/orb_slam2_ros2/package.bash'
[187.849s] INFO:colcon.colcon_core.shell:Creating package script '/home/zsj/WorkSpace/ORB2_SLAM/ORB_SLAM2_ROS2/install/orb_slam2_ros2/share/orb_slam2_ros2/package.zsh'
[187.850s] Level 1:colcon.colcon_core.environment:create_file_with_runtime_dependencies(/home/zsj/WorkSpace/ORB2_SLAM/ORB_SLAM2_ROS2/install/orb_slam2_ros2/share/colcon-core/packages/orb_slam2_ros2)
[187.850s] DEBUG:colcon.colcon_parallel_executor.executor.parallel:closing loop
[187.854s] DEBUG:colcon.colcon_parallel_executor.executor.parallel:loop closed
[187.854s] DEBUG:colcon.colcon_parallel_executor.executor.parallel:run_until_complete finished with '0'
[187.854s] DEBUG:colcon.colcon_core.event_reactor:joining thread
[188.459s] INFO:colcon.colcon_core.plugin_system:Skipping extension 'colcon_notification.desktop_notification.notify_send': Could not find 'notify-send'
[188.459s] INFO:colcon.colcon_core.plugin_system:Skipping extension 'colcon_notification.desktop_notification.terminal_notifier': Not used on non-Darwin systems
[188.460s] INFO:colcon.colcon_core.plugin_system:Skipping extension 'colcon_notification.desktop_notification.win32': Not used on non-Windows systems
[188.460s] INFO:colcon.colcon_notification.desktop_notification:Sending desktop notification using 'notify2'
[188.461s] DEBUG:colcon.colcon_notification.desktop_notification.notify2:Failed to initialize notify2: org.freedesktop.DBus.Error.FileNotFound: Failed to connect to socket /run/user/1000/bus: No such file or directory
[188.461s] DEBUG:colcon.colcon_core.event_reactor:joined thread
[188.462s] INFO:colcon.colcon_core.shell:Creating prefix script '/home/zsj/WorkSpace/ORB2_SLAM/ORB_SLAM2_ROS2/install/local_setup.ps1'
[188.463s] INFO:colcon.colcon_core.shell:Creating prefix util module '/home/zsj/WorkSpace/ORB2_SLAM/ORB_SLAM2_ROS2/install/_local_setup_util_ps1.py'
[188.465s] INFO:colcon.colcon_core.shell:Creating prefix chain script '/home/zsj/WorkSpace/ORB2_SLAM/ORB_SLAM2_ROS2/install/setup.ps1'
[188.466s] INFO:colcon.colcon_core.shell:Creating prefix script '/home/zsj/WorkSpace/ORB2_SLAM/ORB_SLAM2_ROS2/install/local_setup.sh'
[188.466s] INFO:colcon.colcon_core.shell:Creating prefix util module '/home/zsj/WorkSpace/ORB2_SLAM/ORB_SLAM2_ROS2/install/_local_setup_util_sh.py'
[188.467s] INFO:colcon.colcon_core.shell:Creating prefix chain script '/home/zsj/WorkSpace/ORB2_SLAM/ORB_SLAM2_ROS2/install/setup.sh'
[188.468s] INFO:colcon.colcon_core.shell:Creating prefix script '/home/zsj/WorkSpace/ORB2_SLAM/ORB_SLAM2_ROS2/install/local_setup.bash'
[188.468s] INFO:colcon.colcon_core.shell:Creating prefix chain script '/home/zsj/WorkSpace/ORB2_SLAM/ORB_SLAM2_ROS2/install/setup.bash'
[188.469s] INFO:colcon.colcon_core.shell:Creating prefix script '/home/zsj/WorkSpace/ORB2_SLAM/ORB_SLAM2_ROS2/install/local_setup.zsh'
[188.470s] INFO:colcon.colcon_core.shell:Creating prefix chain script '/home/zsj/WorkSpace/ORB2_SLAM/ORB_SLAM2_ROS2/install/setup.zsh'
