[0.026s] Invoking command in '/home/zsj/WorkSpace/ORB2_SLAM/ORB_SLAM2_ROS2/build/orb_slam2_stereo': CMAKE_PREFIX_PATH=/opt/ros/humble CONDA_PROMPT_MODIFIER=(base) /usr/bin/cmake --build /home/zsj/WorkSpace/ORB2_SLAM/ORB_SLAM2_ROS2/build/orb_slam2_stereo -- -j18 -l18
[0.131s] [ 11%] Built target DBoW2
[0.154s] [ 62%] Built target g2o
[0.196s] [35m[1mConsolidate compiler generated dependencies of target orb_slam2_core[0m
[0.256s] [ 96%] Built target orb_slam2_core
[0.270s] [35m[1mConsolidate compiler generated dependencies of target stereo_node[0m
[0.296s] [ 98%] [32mBuilding CXX object CMakeFiles/stereo_node.dir/ros2_stereo_node.cc.o[0m
[38.218s] [100%] [32m[1mLinking CXX executable stereo_node[0m
[40.721s] [100%] Built target stereo_node
[40.753s] Invoked command in '/home/zsj/WorkSpace/ORB2_SLAM/ORB_SLAM2_ROS2/build/orb_slam2_stereo' returned '0': CMAKE_PREFIX_PATH=/opt/ros/humble CONDA_PROMPT_MODIFIER=(base) /usr/bin/cmake --build /home/zsj/WorkSpace/ORB2_SLAM/ORB_SLAM2_ROS2/build/orb_slam2_stereo -- -j18 -l18
[40.772s] Invoking command in '/home/zsj/WorkSpace/ORB2_SLAM/ORB_SLAM2_ROS2/build/orb_slam2_stereo': CMAKE_PREFIX_PATH=/opt/ros/humble CONDA_PROMPT_MODIFIER=(base) /usr/bin/cmake --install /home/zsj/WorkSpace/ORB2_SLAM/ORB_SLAM2_ROS2/build/orb_slam2_stereo
[40.783s] -- Install configuration: "Release"
[40.786s] -- Installing: /home/zsj/WorkSpace/ORB2_SLAM/ORB_SLAM2_ROS2/install/orb_slam2_stereo/lib/orb_slam2_stereo/stereo_node
[40.788s] -- Set runtime path of "/home/zsj/WorkSpace/ORB2_SLAM/ORB_SLAM2_ROS2/install/orb_slam2_stereo/lib/orb_slam2_stereo/stereo_node" to ""
[40.788s] -- Installing: /home/zsj/WorkSpace/ORB2_SLAM/ORB_SLAM2_ROS2/install/orb_slam2_stereo/share/orb_slam2_stereo/config
[40.788s] -- Installing: /home/zsj/WorkSpace/ORB2_SLAM/ORB_SLAM2_ROS2/install/orb_slam2_stereo/share/orb_slam2_stereo/config/EuRoC.yaml
[40.789s] -- Installing: /home/zsj/WorkSpace/ORB2_SLAM/ORB_SLAM2_ROS2/install/orb_slam2_stereo/share/orb_slam2_stereo/Vocabulary
[40.790s] -- Installing: /home/zsj/WorkSpace/ORB2_SLAM/ORB_SLAM2_ROS2/install/orb_slam2_stereo/share/orb_slam2_stereo/Vocabulary/ORBvoc.txt.tar.gz
[40.925s] -- Installing: /home/zsj/WorkSpace/ORB2_SLAM/ORB_SLAM2_ROS2/install/orb_slam2_stereo/share/ament_index/resource_index/package_run_dependencies/orb_slam2_stereo
[40.926s] -- Installing: /home/zsj/WorkSpace/ORB2_SLAM/ORB_SLAM2_ROS2/install/orb_slam2_stereo/share/ament_index/resource_index/parent_prefix_path/orb_slam2_stereo
[40.927s] -- Installing: /home/zsj/WorkSpace/ORB2_SLAM/ORB_SLAM2_ROS2/install/orb_slam2_stereo/share/orb_slam2_stereo/environment/ament_prefix_path.sh
[40.928s] -- Installing: /home/zsj/WorkSpace/ORB2_SLAM/ORB_SLAM2_ROS2/install/orb_slam2_stereo/share/orb_slam2_stereo/environment/ament_prefix_path.dsv
[40.928s] -- Installing: /home/zsj/WorkSpace/ORB2_SLAM/ORB_SLAM2_ROS2/install/orb_slam2_stereo/share/orb_slam2_stereo/environment/path.sh
[40.929s] -- Installing: /home/zsj/WorkSpace/ORB2_SLAM/ORB_SLAM2_ROS2/install/orb_slam2_stereo/share/orb_slam2_stereo/environment/path.dsv
[40.930s] -- Installing: /home/zsj/WorkSpace/ORB2_SLAM/ORB_SLAM2_ROS2/install/orb_slam2_stereo/share/orb_slam2_stereo/local_setup.bash
[40.931s] -- Installing: /home/zsj/WorkSpace/ORB2_SLAM/ORB_SLAM2_ROS2/install/orb_slam2_stereo/share/orb_slam2_stereo/local_setup.sh
[40.932s] -- Installing: /home/zsj/WorkSpace/ORB2_SLAM/ORB_SLAM2_ROS2/install/orb_slam2_stereo/share/orb_slam2_stereo/local_setup.zsh
[40.933s] -- Installing: /home/zsj/WorkSpace/ORB2_SLAM/ORB_SLAM2_ROS2/install/orb_slam2_stereo/share/orb_slam2_stereo/local_setup.dsv
[40.933s] -- Installing: /home/zsj/WorkSpace/ORB2_SLAM/ORB_SLAM2_ROS2/install/orb_slam2_stereo/share/orb_slam2_stereo/package.dsv
[40.934s] -- Installing: /home/zsj/WorkSpace/ORB2_SLAM/ORB_SLAM2_ROS2/install/orb_slam2_stereo/share/ament_index/resource_index/packages/orb_slam2_stereo
[40.935s] -- Installing: /home/zsj/WorkSpace/ORB2_SLAM/ORB_SLAM2_ROS2/install/orb_slam2_stereo/share/orb_slam2_stereo/cmake/orb_slam2_stereoConfig.cmake
[40.936s] -- Installing: /home/zsj/WorkSpace/ORB2_SLAM/ORB_SLAM2_ROS2/install/orb_slam2_stereo/share/orb_slam2_stereo/cmake/orb_slam2_stereoConfig-version.cmake
[40.937s] -- Installing: /home/zsj/WorkSpace/ORB2_SLAM/ORB_SLAM2_ROS2/install/orb_slam2_stereo/share/orb_slam2_stereo/package.xml
[40.942s] Invoked command in '/home/zsj/WorkSpace/ORB2_SLAM/ORB_SLAM2_ROS2/build/orb_slam2_stereo' returned '0': CMAKE_PREFIX_PATH=/opt/ros/humble CONDA_PROMPT_MODIFIER=(base) /usr/bin/cmake --install /home/zsj/WorkSpace/ORB2_SLAM/ORB_SLAM2_ROS2/build/orb_slam2_stereo
